{"C:\\Users\\ndhai\\Desktop\\Workplace\\CNM\\vortex-network\\src\\App.tsx": {"path":"C:\\Users\\ndhai\\Desktop\\Workplace\\CNM\\vortex-network\\src\\App.tsx","statementMap":{"0":{"start":{"line":2,"column":0},"end":{"line":2,"column":62}},"1":{"start":{"line":3,"column":14},"end":{"line":3,"column":30}},"2":{"start":{"line":4,"column":12},"end":{"line":4,"column":28}},"3":{"start":{"line":5,"column":25},"end":{"line":5,"column":52}},"4":{"start":{"line":6,"column":15},"end":{"line":6,"column":34}},"5":{"start":{"line":7,"column":0},"end":{"line":7,"column":21}},"6":{"start":{"line":8,"column":25},"end":{"line":20,"column":18}},"7":{"start":{"line":9,"column":4},"end":{"line":9,"column":35}},"8":{"start":{"line":11,"column":8},"end":{"line":11,"column":72}},"9":{"start":{"line":13,"column":4},"end":{"line":18,"column":6}},"10":{"start":{"line":14,"column":8},"end":{"line":17,"column":84}},"11":{"start":{"line":19,"column":4},"end":{"line":19,"column":15}},"12":{"start":{"line":21,"column":0},"end":{"line":21,"column":22}}},"fnMap":{"0":{"name":"(anonymous_0)","decl":{"start":{"line":8,"column":25},"end":{"line":8,"column":26}},"loc":{"start":{"line":8,"column":43},"end":{"line":20,"column":1}},"line":8},"1":{"name":"App","decl":{"start":{"line":10,"column":13},"end":{"line":10,"column":16}},"loc":{"start":{"line":10,"column":19},"end":{"line":12,"column":5}},"line":10},"2":{"name":"(anonymous_2)","decl":{"start":{"line":13,"column":27},"end":{"line":13,"column":28}},"loc":{"start":{"line":13,"column":39},"end":{"line":18,"column":5}},"line":13}},"branchMap":{"0":{"loc":{"start":{"line":11,"column":15},"end":{"line":11,"column":71}},"type":"binary-expr","locations":[{"start":{"line":11,"column":15},"end":{"line":11,"column":30}},{"start":{"line":11,"column":34},"end":{"line":11,"column":63}},{"start":{"line":11,"column":67},"end":{"line":11,"column":71}}],"line":11}},"s":{"0":1,"1":1,"2":1,"3":1,"4":1,"5":1,"6":1,"7":1,"8":1,"9":1,"10":1,"11":1,"12":1},"f":{"0":1,"1":1,"2":1},"b":{"0":[1,1,1]},"inputSourceMap":{"version":3,"file":"App.js","sourceRoot":"","sources":["App.tsx"],"names":[],"mappings":";;;AAAA,6BAA+B;AAC/B,qDAA2D;AAE3D,mCAAwC;AACxC,qBAAmB;AAEnB;IAAkB,+BAAe;IAAjC;;IAWA,CAAC;IAVC,oBAAM,GAAN;QACE,OAAO,CACL,oBAAC,gCAAM;YACL;gBACE,oBAAC,eAAM,IAAC,SAAS,EAAC,eAAe,GAAG;gBACpC,oBAAC,aAAI,IAAC,SAAS,EAAC,aAAa,GAAG,CAC/B,CACI,CACV,CAAC;IACJ,CAAC;IACH,UAAC;AAAD,CAAC,AAXD,CAAkB,KAAK,CAAC,SAAS,GAWhC;AAED,kBAAe,GAAG,CAAC","sourcesContent":["import * as React from 'react';\r\nimport { BrowserRouter as Router } from 'react-router-dom';\r\n\r\nimport { Header, Main } from './layout';\r\nimport './App.css';\r\n\r\nclass App extends React.Component {\r\n  render() {\r\n    return (\r\n      <Router>\r\n        <>\r\n          <Header className='header-layout' />\r\n          <Main className='main-layout' />\r\n        </>\r\n      </Router>\r\n    );\r\n  }\r\n}\r\n\r\nexport default App;\r\n"]},"_coverageSchema":"332fd63041d2c1bcb487cc26dd0d5f7d97098a6c","hash":"76911d05a3e3d33331a3da20dd96b8b9d857fbb3"}
,"C:\\Users\\ndhai\\Desktop\\Workplace\\CNM\\vortex-network\\src\\index.tsx": {"path":"C:\\Users\\ndhai\\Desktop\\Workplace\\CNM\\vortex-network\\src\\index.tsx","statementMap":{"0":{"start":{"line":1,"column":13},"end":{"line":1,"column":1480}},"1":{"start":{"line":1,"column":1480},"end":{"line":1,"column":1493}},"2":{"start":{"line":2,"column":0},"end":{"line":2,"column":62}},"3":{"start":{"line":3,"column":12},"end":{"line":3,"column":28}},"4":{"start":{"line":4,"column":15},"end":{"line":4,"column":35}},"5":{"start":{"line":5,"column":12},"end":{"line":5,"column":28}},"6":{"start":{"line":6,"column":0},"end":{"line":6,"column":23}},"7":{"start":{"line":7,"column":0},"end":{"line":7,"column":27}},"8":{"start":{"line":8,"column":30},"end":{"line":8,"column":64}},"9":{"start":{"line":9,"column":0},"end":{"line":9,"column":91}},"10":{"start":{"line":10,"column":0},"end":{"line":10,"column":34}}},"fnMap":{},"branchMap":{},"s":{"0":0,"1":0,"2":0,"3":0,"4":0,"5":0,"6":0,"7":0,"8":0,"9":0,"10":0},"f":{},"b":{}}
,"C:\\Users\\ndhai\\Desktop\\Workplace\\CNM\\vortex-network\\src\\registerServiceWorker.ts": {"path":"C:\\Users\\ndhai\\Desktop\\Workplace\\CNM\\vortex-network\\src\\registerServiceWorker.ts","statementMap":{"0":{"start":{"line":1,"column":13},"end":{"line":1,"column":15348}},"1":{"start":{"line":1,"column":15348},"end":{"line":1,"column":15361}},"2":{"start":{"line":4,"column":0},"end":{"line":4,"column":62}},"3":{"start":{"line":11,"column":18},"end":{"line":15,"column":89}},"4":{"start":{"line":17,"column":4},"end":{"line":43,"column":5}},"5":{"start":{"line":19,"column":24},"end":{"line":19,"column":83}},"6":{"start":{"line":20,"column":8},"end":{"line":25,"column":9}},"7":{"start":{"line":24,"column":12},"end":{"line":24,"column":19}},"8":{"start":{"line":26,"column":8},"end":{"line":42,"column":11}},"9":{"start":{"line":27,"column":24},"end":{"line":27,"column":69}},"10":{"start":{"line":28,"column":12},"end":{"line":41,"column":13}},"11":{"start":{"line":30,"column":16},"end":{"line":30,"column":47}},"12":{"start":{"line":33,"column":16},"end":{"line":36,"column":19}},"13":{"start":{"line":34,"column":20},"end":{"line":35,"column":74}},"14":{"start":{"line":40,"column":16},"end":{"line":40,"column":39}},"15":{"start":{"line":45,"column":0},"end":{"line":45,"column":27}},"16":{"start":{"line":47,"column":4},"end":{"line":75,"column":7}},"17":{"start":{"line":50,"column":8},"end":{"line":71,"column":10}},"18":{"start":{"line":51,"column":35},"end":{"line":51,"column":58}},"19":{"start":{"line":52,"column":12},"end":{"line":70,"column":13}},"20":{"start":{"line":53,"column":16},"end":{"line":69,"column":18}},"21":{"start":{"line":54,"column":20},"end":{"line":68,"column":21}},"22":{"start":{"line":55,"column":24},"end":{"line":67,"column":25}},"23":{"start":{"line":60,"column":28},"end":{"line":60,"column":85}},"24":{"start":{"line":66,"column":28},"end":{"line":66,"column":78}},"25":{"start":{"line":74,"column":8},"end":{"line":74,"column":74}},"26":{"start":{"line":79,"column":4},"end":{"line":98,"column":7}},"27":{"start":{"line":82,"column":8},"end":{"line":94,"column":9}},"28":{"start":{"line":85,"column":12},"end":{"line":89,"column":15}},"29":{"start":{"line":86,"column":16},"end":{"line":88,"column":19}},"30":{"start":{"line":87,"column":20},"end":{"line":87,"column":45}},"31":{"start":{"line":93,"column":12},"end":{"line":93,"column":35}},"32":{"start":{"line":97,"column":8},"end":{"line":97,"column":85}},"33":{"start":{"line":101,"column":4},"end":{"line":105,"column":5}},"34":{"start":{"line":102,"column":8},"end":{"line":104,"column":11}},"35":{"start":{"line":103,"column":12},"end":{"line":103,"column":38}},"36":{"start":{"line":107,"column":0},"end":{"line":107,"column":32}}},"fnMap":{"0":{"name":"register","decl":{"start":{"line":16,"column":9},"end":{"line":16,"column":17}},"loc":{"start":{"line":16,"column":20},"end":{"line":44,"column":1}},"line":16},"1":{"name":"(anonymous_1)","decl":{"start":{"line":26,"column":40},"end":{"line":26,"column":41}},"loc":{"start":{"line":26,"column":52},"end":{"line":42,"column":9}},"line":26},"2":{"name":"(anonymous_2)","decl":{"start":{"line":33,"column":51},"end":{"line":33,"column":52}},"loc":{"start":{"line":33,"column":63},"end":{"line":36,"column":17}},"line":33},"3":{"name":"registerValidSW","decl":{"start":{"line":46,"column":9},"end":{"line":46,"column":24}},"loc":{"start":{"line":46,"column":32},"end":{"line":76,"column":1}},"line":46},"4":{"name":"(anonymous_4)","decl":{"start":{"line":49,"column":9},"end":{"line":49,"column":10}},"loc":{"start":{"line":49,"column":33},"end":{"line":72,"column":5}},"line":49},"5":{"name":"(anonymous_5)","decl":{"start":{"line":50,"column":37},"end":{"line":50,"column":38}},"loc":{"start":{"line":50,"column":49},"end":{"line":71,"column":9}},"line":50},"6":{"name":"(anonymous_6)","decl":{"start":{"line":53,"column":49},"end":{"line":53,"column":50}},"loc":{"start":{"line":53,"column":61},"end":{"line":69,"column":17}},"line":53},"7":{"name":"(anonymous_7)","decl":{"start":{"line":73,"column":10},"end":{"line":73,"column":11}},"loc":{"start":{"line":73,"column":27},"end":{"line":75,"column":5}},"line":73},"8":{"name":"checkValidServiceWorker","decl":{"start":{"line":77,"column":9},"end":{"line":77,"column":32}},"loc":{"start":{"line":77,"column":40},"end":{"line":99,"column":1}},"line":77},"9":{"name":"(anonymous_9)","decl":{"start":{"line":80,"column":9},"end":{"line":80,"column":10}},"loc":{"start":{"line":80,"column":29},"end":{"line":95,"column":5}},"line":80},"10":{"name":"(anonymous_10)","decl":{"start":{"line":85,"column":47},"end":{"line":85,"column":48}},"loc":{"start":{"line":85,"column":71},"end":{"line":89,"column":13}},"line":85},"11":{"name":"(anonymous_11)","decl":{"start":{"line":86,"column":47},"end":{"line":86,"column":48}},"loc":{"start":{"line":86,"column":59},"end":{"line":88,"column":17}},"line":86},"12":{"name":"(anonymous_12)","decl":{"start":{"line":96,"column":10},"end":{"line":96,"column":11}},"loc":{"start":{"line":96,"column":22},"end":{"line":98,"column":5}},"line":96},"13":{"name":"unregister","decl":{"start":{"line":100,"column":9},"end":{"line":100,"column":19}},"loc":{"start":{"line":100,"column":22},"end":{"line":106,"column":1}},"line":100},"14":{"name":"(anonymous_14)","decl":{"start":{"line":102,"column":43},"end":{"line":102,"column":44}},"loc":{"start":{"line":102,"column":67},"end":{"line":104,"column":9}},"line":102}},"branchMap":{"0":{"loc":{"start":{"line":11,"column":26},"end":{"line":15,"column":88}},"type":"binary-expr","locations":[{"start":{"line":11,"column":26},"end":{"line":11,"column":66}},{"start":{"line":13,"column":0},"end":{"line":13,"column":36}},{"start":{"line":15,"column":0},"end":{"line":15,"column":88}}],"line":11},"1":{"loc":{"start":{"line":17,"column":4},"end":{"line":43,"column":5}},"type":"if","locations":[{"start":{"line":17,"column":4},"end":{"line":43,"column":5}},{"start":{"line":17,"column":4},"end":{"line":43,"column":5}}],"line":17},"2":{"loc":{"start":{"line":17,"column":8},"end":{"line":17,"column":77}},"type":"binary-expr","locations":[{"start":{"line":17,"column":8},"end":{"line":17,"column":45}},{"start":{"line":17,"column":49},"end":{"line":17,"column":77}}],"line":17},"3":{"loc":{"start":{"line":20,"column":8},"end":{"line":25,"column":9}},"type":"if","locations":[{"start":{"line":20,"column":8},"end":{"line":25,"column":9}},{"start":{"line":20,"column":8},"end":{"line":25,"column":9}}],"line":20},"4":{"loc":{"start":{"line":28,"column":12},"end":{"line":41,"column":13}},"type":"if","locations":[{"start":{"line":28,"column":12},"end":{"line":41,"column":13}},{"start":{"line":28,"column":12},"end":{"line":41,"column":13}}],"line":28},"5":{"loc":{"start":{"line":52,"column":12},"end":{"line":70,"column":13}},"type":"if","locations":[{"start":{"line":52,"column":12},"end":{"line":70,"column":13}},{"start":{"line":52,"column":12},"end":{"line":70,"column":13}}],"line":52},"6":{"loc":{"start":{"line":54,"column":20},"end":{"line":68,"column":21}},"type":"if","locations":[{"start":{"line":54,"column":20},"end":{"line":68,"column":21}},{"start":{"line":54,"column":20},"end":{"line":68,"column":21}}],"line":54},"7":{"loc":{"start":{"line":55,"column":24},"end":{"line":67,"column":25}},"type":"if","locations":[{"start":{"line":55,"column":24},"end":{"line":67,"column":25}},{"start":{"line":55,"column":24},"end":{"line":67,"column":25}}],"line":55},"8":{"loc":{"start":{"line":82,"column":8},"end":{"line":94,"column":9}},"type":"if","locations":[{"start":{"line":82,"column":8},"end":{"line":94,"column":9}},{"start":{"line":82,"column":8},"end":{"line":94,"column":9}}],"line":82},"9":{"loc":{"start":{"line":82,"column":12},"end":{"line":83,"column":73}},"type":"binary-expr","locations":[{"start":{"line":82,"column":12},"end":{"line":82,"column":35}},{"start":{"line":83,"column":8},"end":{"line":83,"column":73}}],"line":82},"10":{"loc":{"start":{"line":101,"column":4},"end":{"line":105,"column":5}},"type":"if","locations":[{"start":{"line":101,"column":4},"end":{"line":105,"column":5}},{"start":{"line":101,"column":4},"end":{"line":105,"column":5}}],"line":101}},"s":{"0":0,"1":0,"2":0,"3":0,"4":0,"5":0,"6":0,"7":0,"8":0,"9":0,"10":0,"11":0,"12":0,"13":0,"14":0,"15":0,"16":0,"17":0,"18":0,"19":0,"20":0,"21":0,"22":0,"23":0,"24":0,"25":0,"26":0,"27":0,"28":0,"29":0,"30":0,"31":0,"32":0,"33":0,"34":0,"35":0,"36":0},"f":{"0":0,"1":0,"2":0,"3":0,"4":0,"5":0,"6":0,"7":0,"8":0,"9":0,"10":0,"11":0,"12":0,"13":0,"14":0},"b":{"0":[0,0,0],"1":[0,0],"2":[0,0],"3":[0,0],"4":[0,0],"5":[0,0],"6":[0,0],"7":[0,0],"8":[0,0],"9":[0,0],"10":[0,0]}}
,"C:\\Users\\ndhai\\Desktop\\Workplace\\CNM\\vortex-network\\src\\actions\\keep.action.ts": {"path":"C:\\Users\\ndhai\\Desktop\\Workplace\\CNM\\vortex-network\\src\\actions\\keep.action.ts","statementMap":{"0":{"start":{"line":1,"column":0},"end":{"line":1,"column":344}}},"fnMap":{},"branchMap":{},"s":{"0":0},"f":{},"b":{}}
,"C:\\Users\\ndhai\\Desktop\\Workplace\\CNM\\vortex-network\\src\\components\\index.ts": {"path":"C:\\Users\\ndhai\\Desktop\\Workplace\\CNM\\vortex-network\\src\\components\\index.ts","statementMap":{"0":{"start":{"line":2,"column":0},"end":{"line":2,"column":62}},"1":{"start":{"line":3,"column":15},"end":{"line":3,"column":34}},"2":{"start":{"line":4,"column":0},"end":{"line":4,"column":34}},"3":{"start":{"line":5,"column":23},"end":{"line":5,"column":50}},"4":{"start":{"line":6,"column":0},"end":{"line":6,"column":49}},"5":{"start":{"line":7,"column":20},"end":{"line":7,"column":44}},"6":{"start":{"line":8,"column":0},"end":{"line":8,"column":43}},"7":{"start":{"line":9,"column":19},"end":{"line":9,"column":42}},"8":{"start":{"line":10,"column":0},"end":{"line":10,"column":41}},"9":{"start":{"line":11,"column":19},"end":{"line":11,"column":42}},"10":{"start":{"line":12,"column":0},"end":{"line":12,"column":41}}},"fnMap":{},"branchMap":{},"s":{"0":5,"1":5,"2":5,"3":5,"4":5,"5":5,"6":5,"7":5,"8":5,"9":5,"10":5},"f":{},"b":{},"inputSourceMap":{"version":3,"file":"index.js","sourceRoot":"","sources":["index.ts"],"names":[],"mappings":";;AAAA,mCAA6C;AAApC,0BAAA,OAAO,CAAU;AAC1B,mDAA4D;AAAnD,yCAAA,OAAO,CAAiB;AACjC,6CAAsD;AAA7C,mCAAA,OAAO,CAAc;AAC9B,2CAAoD;AAA3C,iCAAA,OAAO,CAAa;AAC7B,2CAAoD;AAA3C,iCAAA,OAAO,CAAa","sourcesContent":["export { default as Sample } from './sample';\r\nexport { default as NavigationBar } from './navigation-bar';\r\nexport { default as CoverImage } from './cover-image';\r\nexport { default as StatusBar } from './status-bar';\r\nexport { default as InfoPanel } from './info-panel';"]},"_coverageSchema":"332fd63041d2c1bcb487cc26dd0d5f7d97098a6c","hash":"3ddeefdc885bfbf1d99361113cc9e418e826d1de"}
,"C:\\Users\\ndhai\\Desktop\\Workplace\\CNM\\vortex-network\\src\\components\\cover-image\\index.tsx": {"path":"C:\\Users\\ndhai\\Desktop\\Workplace\\CNM\\vortex-network\\src\\components\\cover-image\\index.tsx","statementMap":{"0":{"start":{"line":2,"column":0},"end":{"line":2,"column":62}},"1":{"start":{"line":3,"column":14},"end":{"line":3,"column":30}},"2":{"start":{"line":4,"column":12},"end":{"line":4,"column":28}},"3":{"start":{"line":5,"column":30},"end":{"line":5,"column":74}},"4":{"start":{"line":6,"column":31},"end":{"line":16,"column":18}},"5":{"start":{"line":7,"column":4},"end":{"line":7,"column":41}},"6":{"start":{"line":9,"column":8},"end":{"line":9,"column":72}},"7":{"start":{"line":11,"column":4},"end":{"line":14,"column":6}},"8":{"start":{"line":12,"column":23},"end":{"line":12,"column":42}},"9":{"start":{"line":13,"column":8},"end":{"line":13,"column":94}},"10":{"start":{"line":15,"column":4},"end":{"line":15,"column":21}},"11":{"start":{"line":17,"column":0},"end":{"line":17,"column":28}}},"fnMap":{"0":{"name":"(anonymous_0)","decl":{"start":{"line":6,"column":31},"end":{"line":6,"column":32}},"loc":{"start":{"line":6,"column":49},"end":{"line":16,"column":1}},"line":6},"1":{"name":"default_1","decl":{"start":{"line":8,"column":13},"end":{"line":8,"column":22}},"loc":{"start":{"line":8,"column":25},"end":{"line":10,"column":5}},"line":8},"2":{"name":"(anonymous_2)","decl":{"start":{"line":11,"column":33},"end":{"line":11,"column":34}},"loc":{"start":{"line":11,"column":45},"end":{"line":14,"column":5}},"line":11}},"branchMap":{"0":{"loc":{"start":{"line":9,"column":15},"end":{"line":9,"column":71}},"type":"binary-expr","locations":[{"start":{"line":9,"column":15},"end":{"line":9,"column":30}},{"start":{"line":9,"column":34},"end":{"line":9,"column":63}},{"start":{"line":9,"column":67},"end":{"line":9,"column":71}}],"line":9}},"s":{"0":5,"1":5,"2":5,"3":5,"4":5,"5":5,"6":2,"7":5,"8":2,"9":2,"10":5,"11":5},"f":{"0":5,"1":2,"2":2},"b":{"0":[2,2,2]},"inputSourceMap":{"version":3,"file":"index.js","sourceRoot":"","sources":["index.tsx"],"names":[],"mappings":";;;AAAA,6BAA+B;AAC/B,2EAAoE;AAUpE;IAA6B,qCAA6B;IAA1D;;IAOA,CAAC;IANC,0BAAM,GAAN;QACU,IAAA,8BAAQ,CAAgB;QAChC,OAAM,CACJ,oBAAC,+BAAmB,IAAC,QAAQ,EAAE,QAAQ,GAAG,CAC3C,CAAA;IACH,CAAC;IACH,gBAAC;AAAD,CAAC,AAPD,CAA6B,KAAK,CAAC,SAAS,GAO3C","sourcesContent":["import * as React from 'react';\r\nimport CoverImagePresenter from './presenter/cover-image.presenter';\r\n\r\ninterface Props {\r\n  imageUrl?: string\r\n}\r\n\r\ninterface State {\r\n  keep: number\r\n}\r\n\r\nexport default class extends React.Component<Props, State> {\r\n  render(): JSX.Element {\r\n    const { imageUrl } = this.props;\r\n    return(\r\n      <CoverImagePresenter imageUrl={imageUrl}/>\r\n    )\r\n  }\r\n}\r\n"]},"_coverageSchema":"332fd63041d2c1bcb487cc26dd0d5f7d97098a6c","hash":"f5e0bc46bd6cc7801fe40e6632d9c2af29169b94"}
,"C:\\Users\\ndhai\\Desktop\\Workplace\\CNM\\vortex-network\\src\\components\\cover-image\\presenter\\cover-image.presenter.tsx": {"path":"C:\\Users\\ndhai\\Desktop\\Workplace\\CNM\\vortex-network\\src\\components\\cover-image\\presenter\\cover-image.presenter.tsx","statementMap":{"0":{"start":{"line":2,"column":0},"end":{"line":2,"column":62}},"1":{"start":{"line":3,"column":12},"end":{"line":3,"column":28}},"2":{"start":{"line":4,"column":15},"end":{"line":4,"column":50}},"3":{"start":{"line":5,"column":27},"end":{"line":5,"column":58}},"4":{"start":{"line":6,"column":26},"end":{"line":10,"column":1}},"5":{"start":{"line":7,"column":19},"end":{"line":7,"column":30}},"6":{"start":{"line":7,"column":42},"end":{"line":7,"column":52}},"7":{"start":{"line":8,"column":4},"end":{"line":9,"column":81}},"8":{"start":{"line":11,"column":0},"end":{"line":13,"column":2}},"9":{"start":{"line":14,"column":0},"end":{"line":14,"column":89}}},"fnMap":{"0":{"name":"(anonymous_0)","decl":{"start":{"line":6,"column":26},"end":{"line":6,"column":27}},"loc":{"start":{"line":6,"column":40},"end":{"line":10,"column":1}},"line":6}},"branchMap":{},"s":{"0":5,"1":5,"2":5,"3":5,"4":5,"5":2,"6":2,"7":2,"8":5,"9":5},"f":{"0":2},"b":{},"inputSourceMap":{"version":3,"file":"cover-image.presenter.js","sourceRoot":"","sources":["cover-image.presenter.tsx"],"names":[],"mappings":";;AAAA,6BAA+B;AAC/B,mDAAkE;AAClE,2DAA0C;AAO1C,IAAM,mBAAmB,GAAqB,UAAC,EAAmB;QAAlB,sBAAQ,EAAE,oBAAO;IAC/D,OAAA,6BAAK,SAAS,EAAE,OAAO,CAAC,IAAI;QAC1B,6BAAK,SAAS,EAAE,OAAO,CAAC,KAAK,EAAE,GAAG,EAAE,QAAQ,GAAG,CAC3C;AAFN,CAEM,CAAA;AAER,mBAAmB,CAAC,YAAY,GAAG;IACjC,QAAQ,EAAE,oEAAoE;CAC/E,CAAA;AAED,kBAAe,mBAAU,CAAC,4BAAM,CAAC,CAAC,mBAAmB,CAAC,CAAC","sourcesContent":["import * as React from 'react';\r\nimport { withStyles, WithStyles } from '@material-ui/core/styles';\r\nimport styles from './cover-image.styles';\r\n\r\n\r\ninterface Props extends WithStyles<typeof styles> {\r\n  imageUrl?: string\r\n}\r\n\r\nconst CoverImagePresenter: React.SFC<Props> = ({imageUrl, classes}) =>\r\n  <div className={classes.root}>\r\n    <img className={classes.image} src={imageUrl}/>\r\n  </div>\r\n  \r\nCoverImagePresenter.defaultProps = {\r\n  imageUrl: 'https://pbs.twimg.com/profile_banners/20536157/1541058121/1500x500'\r\n}\r\n\r\nexport default withStyles(styles)(CoverImagePresenter);"]},"_coverageSchema":"332fd63041d2c1bcb487cc26dd0d5f7d97098a6c","hash":"d491243511768aa355231e760bb2bc7b9d43167c"}
,"C:\\Users\\ndhai\\Desktop\\Workplace\\CNM\\vortex-network\\src\\components\\cover-image\\presenter\\cover-image.styles.ts": {"path":"C:\\Users\\ndhai\\Desktop\\Workplace\\CNM\\vortex-network\\src\\components\\cover-image\\presenter\\cover-image.styles.ts","statementMap":{"0":{"start":{"line":2,"column":0},"end":{"line":2,"column":62}},"1":{"start":{"line":3,"column":15},"end":{"line":3,"column":50}},"2":{"start":{"line":4,"column":13},"end":{"line":15,"column":5}},"3":{"start":{"line":4,"column":32},"end":{"line":15,"column":3}},"4":{"start":{"line":16,"column":0},"end":{"line":16,"column":25}}},"fnMap":{"0":{"name":"(anonymous_0)","decl":{"start":{"line":4,"column":13},"end":{"line":4,"column":14}},"loc":{"start":{"line":4,"column":30},"end":{"line":15,"column":5}},"line":4}},"branchMap":{},"s":{"0":5,"1":5,"2":5,"3":2,"4":5},"f":{"0":2},"b":{},"inputSourceMap":{"version":3,"file":"cover-image.styles.js","sourceRoot":"","sources":["cover-image.styles.ts"],"names":[],"mappings":";;AAAA,mDAA+D;AAE/D,IAAM,MAAM,GAAI,UAAC,KAAY,IAAK,OAAA,qBAAY,CAAC;IAC7C,IAAI,EAAE;QACJ,IAAI,EAAE,CAAC;QACP,SAAS,EAAE,GAAG;QACd,KAAK,EAAE,CAAC;KACT;IACD,KAAK,EAAE;QACL,KAAK,EAAE,wBAAwB;QAC/B,SAAS,EAAE,OAAO;QAClB,SAAS,EAAE,MAAM;KAClB;CACF,CAAC,EAXgC,CAWhC,CAAC;AAEH,kBAAe,MAAM,CAAC","sourcesContent":["import { createStyles, Theme } from '@material-ui/core/styles';\r\n\r\nconst styles  = (theme: Theme) => createStyles({\r\n  root: {\r\n    flex: 1,\r\n    maxHeight: 500,\r\n    order: 1\r\n  },\r\n  image: {\r\n    width: '-webkit-fill-available',\r\n    maxHeight: '500px',\r\n    minHeight: '100%'\r\n  }\r\n});\r\n\r\nexport default styles;"]},"_coverageSchema":"332fd63041d2c1bcb487cc26dd0d5f7d97098a6c","hash":"e583c5c19e2c0ab22920ed6ed550d3d76e03a941"}
,"C:\\Users\\ndhai\\Desktop\\Workplace\\CNM\\vortex-network\\src\\components\\info-panel\\index.tsx": {"path":"C:\\Users\\ndhai\\Desktop\\Workplace\\CNM\\vortex-network\\src\\components\\info-panel\\index.tsx","statementMap":{"0":{"start":{"line":2,"column":0},"end":{"line":2,"column":62}},"1":{"start":{"line":3,"column":14},"end":{"line":3,"column":30}},"2":{"start":{"line":4,"column":12},"end":{"line":4,"column":28}},"3":{"start":{"line":5,"column":29},"end":{"line":5,"column":72}},"4":{"start":{"line":6,"column":31},"end":{"line":15,"column":18}},"5":{"start":{"line":7,"column":4},"end":{"line":7,"column":41}},"6":{"start":{"line":9,"column":8},"end":{"line":9,"column":72}},"7":{"start":{"line":11,"column":4},"end":{"line":13,"column":6}},"8":{"start":{"line":12,"column":8},"end":{"line":12,"column":75}},"9":{"start":{"line":14,"column":4},"end":{"line":14,"column":21}},"10":{"start":{"line":16,"column":0},"end":{"line":16,"column":28}}},"fnMap":{"0":{"name":"(anonymous_0)","decl":{"start":{"line":6,"column":31},"end":{"line":6,"column":32}},"loc":{"start":{"line":6,"column":49},"end":{"line":15,"column":1}},"line":6},"1":{"name":"default_1","decl":{"start":{"line":8,"column":13},"end":{"line":8,"column":22}},"loc":{"start":{"line":8,"column":25},"end":{"line":10,"column":5}},"line":8},"2":{"name":"(anonymous_2)","decl":{"start":{"line":11,"column":33},"end":{"line":11,"column":34}},"loc":{"start":{"line":11,"column":45},"end":{"line":13,"column":5}},"line":11}},"branchMap":{"0":{"loc":{"start":{"line":9,"column":15},"end":{"line":9,"column":71}},"type":"binary-expr","locations":[{"start":{"line":9,"column":15},"end":{"line":9,"column":30}},{"start":{"line":9,"column":34},"end":{"line":9,"column":63}},{"start":{"line":9,"column":67},"end":{"line":9,"column":71}}],"line":9}},"s":{"0":5,"1":5,"2":5,"3":5,"4":5,"5":5,"6":1,"7":5,"8":1,"9":5,"10":5},"f":{"0":5,"1":1,"2":1},"b":{"0":[1,1,1]},"inputSourceMap":{"version":3,"file":"index.js","sourceRoot":"","sources":["index.tsx"],"names":[],"mappings":";;;AAAA,6BAA+B;AAC/B,yEAAkE;AAElE;IAA6B,qCAAe;IAA5C;;IAMA,CAAC;IALC,0BAAM,GAAN;QACE,OAAM,CACJ,oBAAC,8BAAkB,OAAE,CACtB,CAAC;IACJ,CAAC;IACH,gBAAC;AAAD,CAAC,AAND,CAA6B,KAAK,CAAC,SAAS,GAM3C","sourcesContent":["import * as React from 'react';\r\nimport InfoPanelPresenter from './presenter/info-panel.presenter';\r\n\r\nexport default class extends React.Component {\r\n  render(): JSX.Element {\r\n    return(\r\n      <InfoPanelPresenter/>\r\n    );\r\n  }\r\n}"]},"_coverageSchema":"332fd63041d2c1bcb487cc26dd0d5f7d97098a6c","hash":"27837c798b0bc2576181c2a0978d7a5a72cb6584"}
,"C:\\Users\\ndhai\\Desktop\\Workplace\\CNM\\vortex-network\\src\\components\\info-panel\\presenter\\info-panel.presenter.tsx": {"path":"C:\\Users\\ndhai\\Desktop\\Workplace\\CNM\\vortex-network\\src\\components\\info-panel\\presenter\\info-panel.presenter.tsx","statementMap":{"0":{"start":{"line":2,"column":0},"end":{"line":2,"column":62}},"1":{"start":{"line":3,"column":12},"end":{"line":3,"column":28}},"2":{"start":{"line":4,"column":26},"end":{"line":4,"column":56}},"3":{"start":{"line":5,"column":15},"end":{"line":5,"column":50}},"4":{"start":{"line":6,"column":13},"end":{"line":6,"column":41}},"5":{"start":{"line":7,"column":14},"end":{"line":7,"column":43}},"6":{"start":{"line":8,"column":25},"end":{"line":18,"column":1}},"7":{"start":{"line":9,"column":18},"end":{"line":9,"column":28}},"8":{"start":{"line":10,"column":4},"end":{"line":17,"column":34}},"9":{"start":{"line":19,"column":0},"end":{"line":19,"column":87}}},"fnMap":{"0":{"name":"(anonymous_0)","decl":{"start":{"line":8,"column":25},"end":{"line":8,"column":26}},"loc":{"start":{"line":8,"column":39},"end":{"line":18,"column":1}},"line":8}},"branchMap":{},"s":{"0":5,"1":5,"2":5,"3":5,"4":5,"5":5,"6":5,"7":1,"8":1,"9":5},"f":{"0":1},"b":{},"inputSourceMap":{"version":3,"file":"info-panel.presenter.js","sourceRoot":"","sources":["info-panel.presenter.tsx"],"names":[],"mappings":";;AAAA,6BAA+B;AAC/B,yDAAyC;AACzC,mDAAkE;AAClE,0CAA+C;AAC/C,4CAA2E;AAI3E,IAAM,kBAAkB,GAAqB,UAAC,EAAS;QAAR,oBAAO;IACpD,OAAA,6BAAK,SAAS,EAAE,OAAO,CAAC,IAAI;QAC1B,oBAAC,iBAAU,IACT,OAAO,EAAC,OAAO,EACf,SAAS,EAAE,OAAO,CAAC,YAAY,cAGpB;QAEb,oBAAC,iBAAU,IACT,OAAO,EAAC,OAAO,EACf,SAAS,EAAE,OAAO,CAAC,OAAO;YAE1B,oBAAC,0BAAkB,IAAC,SAAS,EAAE,OAAO,CAAC,OAAO,GAAG;6BACtC;QAEX,oBAAC,iBAAU,IACX,OAAO,EAAC,OAAO,EACf,SAAS,EAAE,OAAO,CAAC,OAAO;YAE1B,oBAAC,yBAAiB,IAAC,SAAS,EAAE,OAAO,CAAC,OAAO,GAAG;gCACrC,CACT;AArBN,CAqBM,CAAA;AAER,kBAAe,mBAAU,CAAC,2BAAM,CAAC,CAAC,kBAAkB,CAAC,CAAC","sourcesContent":["import * as React from 'react';\r\nimport styles from './info-panel.styles';\r\nimport { WithStyles, withStyles } from '@material-ui/core/styles';\r\nimport { Typography } from '@material-ui/core';\r\nimport { LocationOnOutlined, DateRangeOutlined } from '@material-ui/icons';\r\n\r\ninterface Props extends WithStyles<typeof styles> {}\r\n\r\nconst InfoPanelPresenter: React.SFC<Props> = ({classes}): JSX.Element =>\r\n  <div className={classes.root}>\r\n    <Typography\r\n      variant='body2'\r\n      className={classes.infoHeadline}\r\n    >\r\n      YouTube\r\n    </Typography>\r\n\r\n    <Typography\r\n      variant='body2'\r\n      className={classes.subText}\r\n    >\r\n      <LocationOnOutlined className={classes.subIcon}/> San Bruno, CA\r\n    </Typography>\r\n\r\n      <Typography\r\n      variant='body2'\r\n      className={classes.subText}\r\n    >\r\n      <DateRangeOutlined className={classes.subIcon}/> Tham gia 11/2007\r\n    </Typography>\r\n  </div>\r\n\r\nexport default withStyles(styles)(InfoPanelPresenter);"]},"_coverageSchema":"332fd63041d2c1bcb487cc26dd0d5f7d97098a6c","hash":"a487b06938dc0e4df470f31a559f0f2dfd977f62"}
,"C:\\Users\\ndhai\\Desktop\\Workplace\\CNM\\vortex-network\\src\\components\\info-panel\\presenter\\info-panel.styles.ts": {"path":"C:\\Users\\ndhai\\Desktop\\Workplace\\CNM\\vortex-network\\src\\components\\info-panel\\presenter\\info-panel.styles.ts","statementMap":{"0":{"start":{"line":2,"column":0},"end":{"line":2,"column":62}},"1":{"start":{"line":3,"column":15},"end":{"line":3,"column":50}},"2":{"start":{"line":4,"column":13},"end":{"line":24,"column":5}},"3":{"start":{"line":4,"column":32},"end":{"line":24,"column":3}},"4":{"start":{"line":25,"column":0},"end":{"line":25,"column":25}}},"fnMap":{"0":{"name":"(anonymous_0)","decl":{"start":{"line":4,"column":13},"end":{"line":4,"column":14}},"loc":{"start":{"line":4,"column":30},"end":{"line":24,"column":5}},"line":4}},"branchMap":{},"s":{"0":5,"1":5,"2":5,"3":1,"4":5},"f":{"0":1},"b":{},"inputSourceMap":{"version":3,"file":"info-panel.styles.js","sourceRoot":"","sources":["info-panel.styles.ts"],"names":[],"mappings":";;AAAA,mDAA+D;AAE/D,IAAM,MAAM,GAAG,UAAC,KAAY,IAAK,OAAA,qBAAY,CAAC;IAC5C,IAAI,EAAE;QACJ,SAAS,EAAE,EAAE;QACb,KAAK,EAAE;YACL,YAAY,EAAE,EAAE;SACjB;KACF;IACD,YAAY,EAAE;QACZ,QAAQ,EAAE,EAAE;QACZ,UAAU,EAAE,GAAG;KAEhB;IAED,OAAO,EAAE;QACP,QAAQ,EAAE,EAAE;QACZ,UAAU,EAAE,GAAG;QACf,KAAK,EAAE,SAAS;KACjB;IACD,OAAO,EAAE;QACP,QAAQ,EAAE,UAAU;QACpB,GAAG,EAAE,CAAC;KACP;CACF,CAAC,EAtB+B,CAsB/B,CAAC;AAEH,kBAAe,MAAM,CAAC","sourcesContent":["import { createStyles, Theme } from '@material-ui/core/styles';\r\n\r\nconst styles = (theme: Theme) => createStyles({\r\n  root: {\r\n    marginTop: 36,\r\n    '& p': {\r\n      marginBottom: 32\r\n    }\r\n  },\r\n  infoHeadline: {\r\n    fontSize: 24,\r\n    fontWeight: 800,\r\n    \r\n  },\r\n\r\n  subText: {\r\n    fontSize: 18,\r\n    fontWeight: 300,\r\n    color: '#6D6D6D'\r\n  },\r\n  subIcon: {\r\n    position: 'relative',\r\n    top: 4\r\n  }\r\n});\r\n\r\nexport default styles;"]},"_coverageSchema":"332fd63041d2c1bcb487cc26dd0d5f7d97098a6c","hash":"5793b2bd817a3bd797026be20aebcef3bc0c6391"}
,"C:\\Users\\ndhai\\Desktop\\Workplace\\CNM\\vortex-network\\src\\components\\navigation-bar\\index.tsx": {"path":"C:\\Users\\ndhai\\Desktop\\Workplace\\CNM\\vortex-network\\src\\components\\navigation-bar\\index.tsx","statementMap":{"0":{"start":{"line":2,"column":0},"end":{"line":2,"column":62}},"1":{"start":{"line":3,"column":14},"end":{"line":3,"column":30}},"2":{"start":{"line":4,"column":12},"end":{"line":4,"column":28}},"3":{"start":{"line":5,"column":33},"end":{"line":5,"column":80}},"4":{"start":{"line":6,"column":25},"end":{"line":6,"column":52}},"5":{"start":{"line":7,"column":35},"end":{"line":21,"column":18}},"6":{"start":{"line":8,"column":4},"end":{"line":8,"column":45}},"7":{"start":{"line":10,"column":20},"end":{"line":10,"column":76}},"8":{"start":{"line":11,"column":8},"end":{"line":14,"column":10}},"9":{"start":{"line":12,"column":26},"end":{"line":12,"column":45}},"10":{"start":{"line":13,"column":12},"end":{"line":13,"column":30}},"11":{"start":{"line":15,"column":8},"end":{"line":15,"column":21}},"12":{"start":{"line":17,"column":4},"end":{"line":19,"column":6}},"13":{"start":{"line":18,"column":8},"end":{"line":18,"column":150}},"14":{"start":{"line":20,"column":4},"end":{"line":20,"column":25}},"15":{"start":{"line":22,"column":0},"end":{"line":22,"column":63}}},"fnMap":{"0":{"name":"(anonymous_0)","decl":{"start":{"line":7,"column":35},"end":{"line":7,"column":36}},"loc":{"start":{"line":7,"column":53},"end":{"line":21,"column":1}},"line":7},"1":{"name":"NavigationBar","decl":{"start":{"line":9,"column":13},"end":{"line":9,"column":26}},"loc":{"start":{"line":9,"column":29},"end":{"line":16,"column":5}},"line":9},"2":{"name":"(anonymous_2)","decl":{"start":{"line":11,"column":33},"end":{"line":11,"column":34}},"loc":{"start":{"line":11,"column":45},"end":{"line":14,"column":9}},"line":11},"3":{"name":"(anonymous_3)","decl":{"start":{"line":17,"column":37},"end":{"line":17,"column":38}},"loc":{"start":{"line":17,"column":49},"end":{"line":19,"column":5}},"line":17}},"branchMap":{"0":{"loc":{"start":{"line":10,"column":20},"end":{"line":10,"column":76}},"type":"binary-expr","locations":[{"start":{"line":10,"column":20},"end":{"line":10,"column":35}},{"start":{"line":10,"column":39},"end":{"line":10,"column":68}},{"start":{"line":10,"column":72},"end":{"line":10,"column":76}}],"line":10}},"s":{"0":5,"1":5,"2":5,"3":5,"4":5,"5":5,"6":5,"7":2,"8":2,"9":0,"10":0,"11":2,"12":5,"13":2,"14":5,"15":5},"f":{"0":5,"1":2,"2":0,"3":2},"b":{"0":[2,2,2]},"inputSourceMap":{"version":3,"file":"index.js","sourceRoot":"","sources":["index.tsx"],"names":[],"mappings":";;;AAAA,6BAA+B;AAC/B,iFAAwF;AACxF,qDAA8C;AAS9C;IAA4B,yCAAsB;IAAlD;QAAA,qEASC;QARC,sBAAgB,GAAG;YACT,IAAA,6BAAO,CAAgB;YAC/B,OAAO,CAAC,IAAI,CAAC,GAAG,CAAC,CAAC;QACpB,CAAC,CAAC;;IAKJ,CAAC;IAHC,8BAAM,GAAN;QACE,OAAO,oBAAC,kCAAsB,uBAAK,IAAI,CAAC,KAAK,IAAE,gBAAgB,EAAE,IAAI,CAAC,gBAAgB,IAAG,CAAA;IAC3F,CAAC;IACH,oBAAC;AAAD,CAAC,AATD,CAA4B,KAAK,CAAC,SAAS,GAS1C;AAED,kBAAe,6BAAU,CAAC,aAAa,CAAC,CAAC","sourcesContent":["import * as React from 'react';\r\nimport NavigationBarPresenter, { Redirect } from './presenter/navigation-bar.presenter';\r\nimport { withRouter } from 'react-router-dom';\r\nimport { RouteComponentProps } from 'react-router';\r\n\r\ninterface Props extends RouteComponentProps {\r\n  brandName: string,\r\n  searchBarPlaceHolder?: string,\r\n  redirectLinks?: Redirect[];\r\n}\r\n\r\nclass NavigationBar extends React.Component<Props> {\r\n  handleBrandClick = (): void => {\r\n    const { history } = this.props;\r\n    history.push('/');\r\n  };\r\n\r\n  render(): JSX.Element {\r\n    return <NavigationBarPresenter {...this.props} handleBrandClick={this.handleBrandClick}/>\r\n  }\r\n}\r\n\r\nexport default withRouter(NavigationBar);"]},"_coverageSchema":"332fd63041d2c1bcb487cc26dd0d5f7d97098a6c","hash":"74f5c48effa98b7fb89667b07fcf88bd1ba70a4e"}
,"C:\\Users\\ndhai\\Desktop\\Workplace\\CNM\\vortex-network\\src\\components\\navigation-bar\\presenter\\navigation-bar.presenter.tsx": {"path":"C:\\Users\\ndhai\\Desktop\\Workplace\\CNM\\vortex-network\\src\\components\\navigation-bar\\presenter\\navigation-bar.presenter.tsx","statementMap":{"0":{"start":{"line":2,"column":0},"end":{"line":2,"column":62}},"1":{"start":{"line":3,"column":14},"end":{"line":3,"column":30}},"2":{"start":{"line":5,"column":12},"end":{"line":5,"column":28}},"3":{"start":{"line":6,"column":13},"end":{"line":6,"column":41}},"4":{"start":{"line":7,"column":15},"end":{"line":7,"column":50}},"5":{"start":{"line":8,"column":29},"end":{"line":8,"column":62}},"6":{"start":{"line":9,"column":25},"end":{"line":9,"column":52}},"7":{"start":{"line":10,"column":29},"end":{"line":94,"column":8}},"8":{"start":{"line":11,"column":8},"end":{"line":11,"column":43}},"9":{"start":{"line":13,"column":24},"end":{"line":13,"column":80}},"10":{"start":{"line":14,"column":12},"end":{"line":17,"column":14}},"11":{"start":{"line":18,"column":12},"end":{"line":20,"column":14}},"12":{"start":{"line":19,"column":16},"end":{"line":19,"column":66}},"13":{"start":{"line":21,"column":12},"end":{"line":23,"column":14}},"14":{"start":{"line":22,"column":16},"end":{"line":22,"column":51}},"15":{"start":{"line":24,"column":12},"end":{"line":26,"column":14}},"16":{"start":{"line":25,"column":16},"end":{"line":25,"column":67}},"17":{"start":{"line":27,"column":12},"end":{"line":27,"column":25}},"18":{"start":{"line":29,"column":8},"end":{"line":88,"column":10}},"19":{"start":{"line":30,"column":21},"end":{"line":30,"column":31}},"20":{"start":{"line":30,"column":45},"end":{"line":30,"column":57}},"21":{"start":{"line":30,"column":69},"end":{"line":30,"column":79}},"22":{"start":{"line":30,"column":97},"end":{"line":30,"column":113}},"23":{"start":{"line":30,"column":134},"end":{"line":30,"column":153}},"24":{"start":{"line":31,"column":27},"end":{"line":31,"column":46}},"25":{"start":{"line":32,"column":23},"end":{"line":32,"column":40}},"26":{"start":{"line":33,"column":12},"end":{"line":87,"column":191}},"27":{"start":{"line":43,"column":32},"end":{"line":46,"column":57}},"28":{"start":{"line":89,"column":8},"end":{"line":89,"column":23}},"29":{"start":{"line":95,"column":0},"end":{"line":95,"column":41}}},"fnMap":{"0":{"name":"(anonymous_0)","decl":{"start":{"line":10,"column":102},"end":{"line":10,"column":103}},"loc":{"start":{"line":10,"column":120},"end":{"line":90,"column":5}},"line":10},"1":{"name":"class_1","decl":{"start":{"line":12,"column":17},"end":{"line":12,"column":24}},"loc":{"start":{"line":12,"column":27},"end":{"line":28,"column":9}},"line":12},"2":{"name":"(anonymous_2)","decl":{"start":{"line":18,"column":31},"end":{"line":18,"column":32}},"loc":{"start":{"line":18,"column":48},"end":{"line":20,"column":13}},"line":18},"3":{"name":"(anonymous_3)","decl":{"start":{"line":21,"column":32},"end":{"line":21,"column":33}},"loc":{"start":{"line":21,"column":44},"end":{"line":23,"column":13}},"line":21},"4":{"name":"(anonymous_4)","decl":{"start":{"line":24,"column":36},"end":{"line":24,"column":37}},"loc":{"start":{"line":24,"column":53},"end":{"line":26,"column":13}},"line":24},"5":{"name":"(anonymous_5)","decl":{"start":{"line":29,"column":35},"end":{"line":29,"column":36}},"loc":{"start":{"line":29,"column":47},"end":{"line":88,"column":9}},"line":29},"6":{"name":"(anonymous_6)","decl":{"start":{"line":42,"column":46},"end":{"line":42,"column":47}},"loc":{"start":{"line":42,"column":69},"end":{"line":47,"column":29}},"line":42}},"branchMap":{"0":{"loc":{"start":{"line":13,"column":24},"end":{"line":13,"column":80}},"type":"binary-expr","locations":[{"start":{"line":13,"column":24},"end":{"line":13,"column":39}},{"start":{"line":13,"column":43},"end":{"line":13,"column":72}},{"start":{"line":13,"column":76},"end":{"line":13,"column":80}}],"line":13},"1":{"loc":{"start":{"line":41,"column":24},"end":{"line":49,"column":36}},"type":"cond-expr","locations":[{"start":{"line":42,"column":28},"end":{"line":47,"column":30}},{"start":{"line":49,"column":32},"end":{"line":49,"column":36}}],"line":41},"2":{"loc":{"start":{"line":59,"column":74},"end":{"line":59,"column":100}},"type":"cond-expr","locations":[{"start":{"line":59,"column":81},"end":{"line":59,"column":91}},{"start":{"line":59,"column":94},"end":{"line":59,"column":100}}],"line":59},"3":{"loc":{"start":{"line":61,"column":48},"end":{"line":61,"column":80}},"type":"cond-expr","locations":[{"start":{"line":61,"column":55},"end":{"line":61,"column":68}},{"start":{"line":61,"column":71},"end":{"line":61,"column":80}}],"line":61}},"s":{"0":5,"1":5,"2":5,"3":5,"4":5,"5":5,"6":5,"7":5,"8":5,"9":2,"10":2,"11":2,"12":0,"13":2,"14":0,"15":2,"16":0,"17":2,"18":5,"19":2,"20":2,"21":2,"22":2,"23":2,"24":2,"25":2,"26":2,"27":1,"28":5,"29":5},"f":{"0":5,"1":2,"2":0,"3":0,"4":0,"5":2,"6":1},"b":{"0":[2,2,2],"1":[1,1],"2":[0,2],"3":[0,2]},"inputSourceMap":{"version":3,"file":"navigation-bar.presenter.js","sourceRoot":"","sources":["navigation-bar.presenter.tsx"],"names":[],"mappings":";;;;AAAA,6BAA+B;AAC/B,0CAA6H;AAC7H,mDAAkE;AAClE,+DAA4C;AAC5C,qDAAwC;AAkBxC,IAAM,sBAAsB,GAAG,mBAAU,CAAC,8BAAM,CAAC;QACjC,mCAA6B;QAA3C;YAAA,qEAuLC;YAlLC,WAAK,GAAoB;gBACvB,QAAQ,EAAE,IAAI;gBACd,UAAU,EAAE,EAAE;aACf,CAAC;YAEF,gBAAU,GAAG,UAAC,KAAoC;gBAChD,KAAI,CAAC,QAAQ,CAAC,EAAE,QAAQ,EAAE,KAAK,CAAC,aAAa,EAAE,CAAC,CAAC;YACnD,CAAC,CAAC;YAEF,iBAAW,GAAG;gBACZ,KAAI,CAAC,QAAQ,CAAC,EAAE,QAAQ,EAAE,IAAI,EAAE,CAAC,CAAC;YACpC,CAAC,CAAC;YAEF,qBAAe,GAAG,UAAC,KAA0C;gBAC3D,KAAI,CAAC,QAAQ,CAAC,EAAE,UAAU,EAAE,KAAK,CAAC,MAAM,CAAC,KAAK,EAAE,CAAC,CAAC;YACpD,CAAC,CAAC;;QAmKJ,CAAC;QAjKC,wBAAM,GAAN;YACQ,IAAA,eAAoE,EAAlE,wBAAS,EAAE,oBAAO,EAAE,gCAAa,EAAE,sCAA+B,CAAC;YACnE,IAAA,8BAAQ,CAAgB;YAChC,IAAM,IAAI,GAAG,OAAO,CAAC,QAAQ,CAAC,CAAC;YAE/B,OAAO,CACL;gBACE,oBAAC,aAAM,IACL,QAAQ,EAAC,QAAQ,EACjB,OAAO,EAAE;wBACP,IAAI,EAAE,OAAO,CAAC,MAAM;qBACrB;oBAED,oBAAC,cAAO,IAAC,SAAS,EAAE,OAAO,CAAC,OAAO;wBACjC,oBAAC,iBAAU,IACT,KAAK,EAAC,QAAQ,EACd,OAAO,EAAC,OAAO,EACf,OAAO,EAAE;gCACP,IAAI,EAAE,OAAO,CAAC,KAAK;6BACpB,EACD,OAAO,EAAE,gBAAgB,IAExB,SAAS,CACC;wBAEX,aAAa,CAAC,CAAC;4BACf,aAAa,CAAC,GAAG,CAAC,UAAC,IAAI,EAAE,KAAK;gCAC5B,OAAA,oBAAC,uBAAI,IAAC,GAAG,EAAE,KAAK,EAAE,EAAE,EAAE,IAAI,CAAC,IAAI,EAAE,SAAS,EAAE,OAAO,CAAC,IAAI;oCACtD,oBAAC,iBAAU,IACT,KAAK,EAAC,QAAQ,EACd,OAAO,EAAC,OAAO,EACf,OAAO,EAAE;4CACP,IAAI,EAAE,OAAO,CAAC,QAAQ;yCACvB,IAEA,IAAI,CAAC,IAAI,CACC,CACR;4BAVP,CAUO,CACR;4BACD,CAAC;gCACD,IAAI;wBAGN,6BAAK,SAAS,EAAE,OAAO,CAAC,IAAI,GAAI;wBAChC,6BAAK,SAAS,EAAE,OAAO,CAAC,MAAM;4BAC5B,6BAAK,SAAS,EAAE,OAAO,CAAC,UAAU;gCAChC,oBAAC,WAAI,qBAAkB,CACnB;4BACN,oBAAC,gBAAS,IACR,WAAW,EAAC,cAAS,EACrB,OAAO,EAAE;oCACP,IAAI,EAAE,OAAO,CAAC,SAAS;oCACvB,KAAK,EAAE,OAAO,CAAC,UAAU;iCAC1B,GACD,CACE;wBACN;4BACE,oBAAC,aAAM,IACL,OAAO,EAAE,IAAI,CAAC,CAAC,CAAC,UAAU,CAAA,CAAC,CAAC,MAAM,EAClC,KAAK,EAAC,WAAW,EACjB,SAAS,EAAE,OAAO,CAAC,MAAM,EACzB,OAAO,EAAE;oCACP,IAAI,EAAE,OAAO,CAAC,UAAU;iCACzB,eACU,IAAI,CAAC,CAAC,CAAC,aAAa,CAAC,CAAC,CAAC,SAAS,EAC3C,OAAO,EAAE,IAAI,CAAC,UAAU;gCAExB,oBAAC,iBAAU,IAAC,OAAO,EAAC,OAAO,EACzB,SAAS,EAAE,OAAO,CAAC,gBAAgB,gDAGxB;;gCAEb,oBAAC,iBAAU,IACT,OAAO,EAAC,OAAO,EACf,SAAS,EAAE,OAAO,CAAC,iBAAiB,+BAGzB,CACN;4BACT,oBAAC,WAAI,IACH,EAAE,EAAC,aAAa,EAChB,OAAO,EAAE;oCACP,KAAK,EAAE,OAAO,CAAC,SAAS;iCACzB,EACD,QAAQ,EAAE,QAAQ,EAClB,YAAY,EAAE;oCACZ,QAAQ,EAAE,QAAQ;oCAClB,UAAU,EAAE,OAAO;iCACpB,EACD,eAAe,EAAE;oCACf,QAAQ,EAAE,KAAK;oCACf,UAAU,EAAE,OAAO;iCACpB,EACD,kBAAkB,EAAE,IAAI,EACxB,IAAI,EAAE,IAAI,EACV,OAAO,EAAE,IAAI,CAAC,WAAW;gCAEzB,oBAAC,eAAQ,IACP,SAAS,EAAE,OAAO,CAAC,GAAG,EACtB,OAAO,EAAE;wCACP,IAAI,EAAE,OAAO,CAAC,WAAW;qCAC1B;oCAEH,oBAAC,gBAAS,IACR,EAAE,EAAC,mBAAmB,EACtB,KAAK,EAAC,aAAa,EACnB,KAAK,EAAC,WAAW,EACjB,SAAS,EAAE,OAAO,CAAC,SAAS,EAC5B,MAAM,EAAC,QAAQ,EACf,QAAQ,EAAE,IAAI,CAAC,eAAe,GAC9B,CACS;gCACX,oBAAC,eAAQ,IACP,OAAO,EAAE,IAAI,CAAC,WAAW,EACzB,OAAO,EAAE;wCACP,IAAI,EAAE,OAAO,CAAC,WAAW;qCAC1B,EACD,aAAa,EAAE,IAAI;oCAEnB,oBAAC,aAAM,IACL,OAAO,EAAC,WAAW,EACnB,SAAS,EAAE,IAAI,EACf,KAAK,EAAC,WAAW,EACjB,SAAS,EAAE,OAAO,CAAC,KAAK,+BAIjB,CACA;gCACX,oBAAC,cAAO,IAAC,OAAO,EAAC,WAAW,EAAC,SAAS,EAAE,OAAO,CAAC,OAAO,GAAG;gCAC1D,oBAAC,iBAAU,IACT,OAAO,EAAC,OAAO,EACf,SAAS,EAAE,OAAO,CAAC,SAAS,8BAGjB;gCACb,oBAAC,eAAQ,IACP,OAAO,EAAE,IAAI,CAAC,WAAW,EACzB,OAAO,EAAE;wCACP,IAAI,EAAE,OAAO,CAAC,WAAW;qCAC1B,EACD,aAAa,EAAE,IAAI;oCAEnB,oBAAC,aAAM,IACL,OAAO,EAAC,WAAW,EACnB,SAAS,EAAE,IAAI,EACf,KAAK,EAAC,SAAS,EACf,SAAS,EAAE,OAAO,CAAC,KAAK,6BAGjB,CACA,CACN,CACH,CAEE,CACH,CACL,CACP,CAAC;QACJ,CAAC;QACH,cAAC;IAAD,CAAC,AAvLD,CAAc,KAAK,CAAC,SAAS;IACpB,eAAY,GAAG;QACpB,oBAAoB,EAAE,QAAQ;KAC/B;QAqLJ,CAAC;AAEF,kBAAe,sBAAsB,CAAC","sourcesContent":["import * as React from 'react';\r\nimport { AppBar, Toolbar, Typography, Icon, InputBase, Button, Menu, MenuItem, TextField, Divider } from '@material-ui/core';\r\nimport { withStyles, WithStyles } from '@material-ui/core/styles';\r\nimport styles from './navigationbar.styles';\r\nimport { Link } from 'react-router-dom';\r\n\r\nexport interface Redirect {\r\n  name: string,\r\n  link: string\r\n}\r\n\r\ninterface Props extends WithStyles<typeof styles> {\r\n  brandName: string;\r\n  searchBarPlaceHolder?: string;\r\n  redirectLinks?: Redirect[];\r\n  handleBrandClick: () => void;\r\n}\r\n\r\ninterface State {\r\n  anchorEl?: HTMLElement | null;\r\n  privateKey?: string\r\n}\r\nconst NavigationBarPresenter = withStyles(styles)(\r\n  class extends React.Component<Props, State> {\r\n    static defaultProps = {\r\n      searchBarPlaceHolder: 'Search'\r\n    }\r\n\r\n    state: Readonly<State> = {\r\n      anchorEl: null,\r\n      privateKey: ''\r\n    };\r\n\r\n    handleMenu = (event: React.MouseEvent<HTMLElement>): void => {\r\n      this.setState({ anchorEl: event.currentTarget });\r\n    };\r\n\r\n    handleClose = (): void => {\r\n      this.setState({ anchorEl: null });\r\n    };\r\n\r\n    handleKeyChange = (event: React.ChangeEvent<HTMLInputElement>): void => {\r\n      this.setState({ privateKey: event.target.value });\r\n    };\r\n\r\n    render(): JSX.Element {\r\n      const { brandName, classes, redirectLinks, handleBrandClick } = this.props;\r\n      const { anchorEl } = this.state;\r\n      const open = Boolean(anchorEl);\r\n\r\n      return (\r\n        <div>\r\n          <AppBar\r\n            position='static'\r\n            classes={{\r\n              root: classes.appBar\r\n            }}\r\n          >\r\n            <Toolbar className={classes.toolBar}>\r\n              <Typography\r\n                align='center'\r\n                variant='title'\r\n                classes={{\r\n                  root: classes.title\r\n                }}\r\n                onClick={handleBrandClick}\r\n              >\r\n                {brandName}\r\n              </Typography>\r\n              {\r\n                redirectLinks ? \r\n                redirectLinks.map((link, index) => \r\n                  <Link key={index} to={link.link} className={classes.link}>\r\n                    <Typography\r\n                      align='center'\r\n                      variant='title'\r\n                      classes={{\r\n                        root: classes.linkText\r\n                      }}\r\n                    >\r\n                      {link.name}\r\n                    </Typography>\r\n                  </Link>\r\n                )\r\n                :\r\n                null\r\n              }\r\n              \r\n              <div className={classes.grow} />\r\n              <div className={classes.search}>\r\n                <div className={classes.searchIcon}>\r\n                  <Icon>searchIcon</Icon>\r\n                </div>\r\n                <InputBase\r\n                  placeholder='Search…'\r\n                  classes={{\r\n                    root: classes.inputRoot,\r\n                    input: classes.inputInput,\r\n                  }}\r\n                />\r\n              </div>\r\n              <div>\r\n                <Button \r\n                  variant={open ? 'outlined': 'text'} \r\n                  color='secondary' \r\n                  className={classes.button}\r\n                  classes={{\r\n                    text: classes.borderText\r\n                  }}\r\n                  aria-owns={open ? 'menu-appbar' : undefined}\r\n                  onClick={this.handleMenu}\r\n                >\r\n                  <Typography variant='title'\r\n                    className={classes.buttonSecondText}\r\n                  >\r\n                    Đã có tài khoản?\r\n                  </Typography> \r\n                  &nbsp; \r\n                  <Typography \r\n                    variant='title'\r\n                    className={classes.buttonPrimaryText}\r\n                  >\r\n                    Đăng nhập\r\n                  </Typography> \r\n                </Button>\r\n                <Menu\r\n                  id='menu-appbar'\r\n                  classes={{\r\n                    paper: classes.popupMenu\r\n                  }}\r\n                  anchorEl={anchorEl}\r\n                  anchorOrigin={{\r\n                    vertical: 'bottom',\r\n                    horizontal: 'right',\r\n                  }}\r\n                  transformOrigin={{\r\n                    vertical: 'top',\r\n                    horizontal: 'right',\r\n                  }}\r\n                  getContentAnchorEl={null}\r\n                  open={open}\r\n                  onClose={this.handleClose}\r\n                >\r\n                  <MenuItem \r\n                    className={classes.key}\r\n                    classes={{\r\n                      root: classes.noHoverMenu\r\n                    }}\r\n                  >\r\n                  <TextField\r\n                    id='standard-textarea'\r\n                    label='Private Key'\r\n                    color='secondary'\r\n                    className={classes.textField}\r\n                    margin='normal'\r\n                    onChange={this.handleKeyChange}\r\n                  />\r\n                  </MenuItem>\r\n                  <MenuItem \r\n                    onClick={this.handleClose}\r\n                    classes={{\r\n                      root: classes.noHoverMenu\r\n                    }}\r\n                    disableRipple={true}\r\n                  >\r\n                    <Button\r\n                      variant='contained'\r\n                      fullWidth={true}\r\n                      color='secondary'\r\n                      className={classes.noCap}\r\n                      \r\n                    >\r\n                      Đăng nhập\r\n                    </Button>\r\n                  </MenuItem>\r\n                  <Divider variant='fullWidth' className={classes.divider}/>\r\n                  <Typography\r\n                    variant='body2'\r\n                    className={classes.newCommer}\r\n                  >\r\n                    Mới gia nhập?\r\n                  </Typography>\r\n                  <MenuItem \r\n                    onClick={this.handleClose}\r\n                    classes={{\r\n                      root: classes.noHoverMenu\r\n                    }}\r\n                    disableRipple={true}\r\n                  >\r\n                    <Button\r\n                      variant='contained'\r\n                      fullWidth={true}\r\n                      color='primary'\r\n                      className={classes.noCap}\r\n                    >\r\n                      Đăng ký\r\n                    </Button>\r\n                  </MenuItem>\r\n                </Menu>\r\n              </div>\r\n              \r\n            </Toolbar>\r\n          </AppBar>\r\n        </div>\r\n      );\r\n    }\r\n  }\r\n);\r\n\r\nexport default NavigationBarPresenter;\r\n"]},"_coverageSchema":"332fd63041d2c1bcb487cc26dd0d5f7d97098a6c","hash":"6caf1e3386abf2c1f614d77bf42ea13883544928"}
,"C:\\Users\\ndhai\\Desktop\\Workplace\\CNM\\vortex-network\\src\\components\\navigation-bar\\presenter\\navigationbar.styles.ts": {"path":"C:\\Users\\ndhai\\Desktop\\Workplace\\CNM\\vortex-network\\src\\components\\navigation-bar\\presenter\\navigationbar.styles.ts","statementMap":{"0":{"start":{"line":2,"column":0},"end":{"line":2,"column":62}},"1":{"start":{"line":3,"column":15},"end":{"line":3,"column":50}},"2":{"start":{"line":4,"column":25},"end":{"line":4,"column":77}},"3":{"start":{"line":5,"column":15},"end":{"line":5,"column":50}},"4":{"start":{"line":6,"column":13},"end":{"line":148,"column":1}},"5":{"start":{"line":8,"column":4},"end":{"line":147,"column":7}},"6":{"start":{"line":149,"column":0},"end":{"line":149,"column":25}}},"fnMap":{"0":{"name":"(anonymous_0)","decl":{"start":{"line":6,"column":13},"end":{"line":6,"column":14}},"loc":{"start":{"line":6,"column":30},"end":{"line":148,"column":1}},"line":6}},"branchMap":{},"s":{"0":5,"1":5,"2":5,"3":5,"4":5,"5":2,"6":5},"f":{"0":2},"b":{},"inputSourceMap":{"version":3,"file":"navigationbar.styles.js","sourceRoot":"","sources":["navigationbar.styles.ts"],"names":[],"mappings":";;AAAA,mDAA+D;AAC/D,8EAAiE;AACjE,mDAA+C;AAE/C,IAAM,MAAM,GAAG,UAAC,KAAY;;IAAK,OAAA,qBAAY,CAAC;QAC5C,MAAM,EAAE;YACN,eAAe,EAAE,MAAM;YACvB,QAAQ,EAAE,OAAO;YACjB,GAAG,EAAE,CAAC;SACP;QACD,OAAO;gBACL,KAAK,EAAE,wBAAwB;gBAC/B,MAAM,EAAE,QAAQ;;YAChB,GAAC,KAAK,CAAC,WAAW,CAAC,EAAE,CAAC,IAAI,CAAC,IAAG;gBAC5B,KAAK,EAAE,KAAK;aACb;eACF;QACD,KAAK,EAAE;YACL,KAAK,EAAE,SAAS;YAChB,QAAQ,EAAE,EAAE;YACZ,MAAM,EAAE,SAAS;YACjB,YAAY,EAAE,uBAAuB;YACrC,UAAU,EAAE,2BAA2B;YACvC,SAAS,EAAE;gBACT,KAAK,EAAE,YAAG,CAAC,IAAI;gBACf,iBAAiB,EAAE,YAAG,CAAC,IAAI;gBAC3B,WAAW,EAAE,CAAC;aACf;SACF;QACD,IAAI,EAAE;YACJ,QAAQ,EAAE,CAAC;SACZ;QACD,MAAM;gBACJ,QAAQ,EAAE,UAAU;gBACpB,YAAY,EAAE,EAAE;gBAChB,eAAe,EAAE,uBAAI,CAAC,MAAM,EAAE,IAAI,CAAC;gBACnC,SAAS,EAAE;oBACT,eAAe,EAAE,uBAAI,CAAC,MAAM,EAAE,IAAI,CAAC;iBACpC;gBACD,WAAW,EAAE,KAAK,CAAC,OAAO,CAAC,IAAI,GAAG,CAAC;gBACnC,UAAU,EAAE,CAAC;gBACb,KAAK,EAAE,MAAM;;YACb,GAAC,KAAK,CAAC,WAAW,CAAC,EAAE,CAAC,IAAI,CAAC,IAAG;gBAC5B,UAAU,EAAE,KAAK,CAAC,OAAO,CAAC,IAAI,GAAG,CAAC;gBAClC,KAAK,EAAE,MAAM;aAEd;eACF;QACD,UAAU,EAAE;YACV,KAAK,EAAE,KAAK,CAAC,OAAO,CAAC,IAAI,GAAG,CAAC;YAC7B,KAAK,EAAE,SAAS;YAChB,MAAM,EAAE,MAAM;YACd,QAAQ,EAAE,UAAU;YACpB,aAAa,EAAE,MAAM;YACrB,OAAO,EAAE,MAAM;YACf,UAAU,EAAE,QAAQ;YACpB,cAAc,EAAE,QAAQ;SACzB;QACD,SAAS,EAAE;YACT,KAAK,EAAE,SAAS;YAChB,KAAK,EAAE,MAAM;SACd;QACD,UAAU;gBACR,UAAU,EAAE,KAAK,CAAC,OAAO,CAAC,IAAI;gBAC9B,YAAY,EAAE,KAAK,CAAC,OAAO,CAAC,IAAI;gBAChC,aAAa,EAAE,KAAK,CAAC,OAAO,CAAC,IAAI;gBACjC,WAAW,EAAE,KAAK,CAAC,OAAO,CAAC,IAAI,GAAG,EAAE;gBACpC,UAAU,EAAE,KAAK,CAAC,WAAW,CAAC,MAAM,CAAC,OAAO,CAAC;gBAC7C,KAAK,EAAE,MAAM;;YACb,GAAC,KAAK,CAAC,WAAW,CAAC,EAAE,CAAC,IAAI,CAAC,IAAG;gBAC5B,KAAK,EAAE,GAAG;gBACV,SAAS,EAAE;oBACT,KAAK,EAAE,GAAG;oBACV,MAAM,EAAE,WAAW;oBACnB,WAAW,EAAE,YAAG,CAAC,IAAI;oBACrB,YAAY,EAAE,EAAE;iBACjB;aACF;eACF;QACD,gBAAgB,EAAE;YAChB,QAAQ,EAAE,EAAE;YACZ,KAAK,EAAE,SAAS;YAChB,aAAa,EAAE,CAAC;SACjB;QACD,iBAAiB,EAAE;YACjB,QAAQ,EAAE,EAAE;YACZ,KAAK,EAAE,SAAS;YAChB,aAAa,EAAE,CAAC;SACjB;QACD,MAAM,EAAE;YACN,aAAa,EAAE,MAAM;SACtB;QACD,UAAU,EAAE;YACV,MAAM,EAAE,uBAAuB;SAChC;QACD,SAAS,EAAE;YACT,KAAK,EAAE,GAAG;SACX;QACD,SAAS,EAAE;YACT,UAAU,EAAE,KAAK,CAAC,OAAO,CAAC,IAAI;YAC9B,WAAW,EAAE,KAAK,CAAC,OAAO,CAAC,IAAI;YAC/B,YAAY,EAAE,KAAK,CAAC,OAAO,CAAC,IAAI,GAAG,CAAC;YACpC,KAAK,EAAE,GAAG;SACX;QACD,GAAG,EAAE;YACH,MAAM,EAAE,EAAE;SACX;QACD,SAAS,EAAE;YACT,KAAK,EAAE,KAAK;YACZ,MAAM,EAAE,QAAQ;YAChB,SAAS,EAAE,KAAK,CAAC,OAAO,CAAC,IAAI;YAC7B,QAAQ,EAAE,EAAE;YACZ,KAAK,EAAE,SAAS;SACjB;QACD,KAAK,EAAE;YACL,aAAa,EAAE,MAAM;SACtB;QACD,OAAO,EAAE;YACP,SAAS,EAAE,KAAK,CAAC,OAAO,CAAC,IAAI;SAC9B;QACD,IAAI,EAAE;YACJ,cAAc,EAAE,MAAM;YACtB,UAAU,EAAE,KAAK,CAAC,OAAO,CAAC,IAAI,GAAG,CAAC;SACnC;QACD,QAAQ,EAAE;YACR,KAAK,EAAE,SAAS;YAChB,QAAQ,EAAE,EAAE;YACZ,MAAM,EAAE,SAAS;YACjB,YAAY,EAAE,uBAAuB;YACrC,UAAU,EAAE,2BAA2B;YACvC,SAAS,EAAE;gBACT,KAAK,EAAE,YAAG,CAAC,IAAI;gBACf,iBAAiB,EAAE,YAAG,CAAC,IAAI;gBAC3B,WAAW,EAAE,CAAC;aACf;SACF;QACD,WAAW,EAAE;YACX,SAAS,EAAE;gBACT,eAAe,EAAE,aAAa;aAC/B;SACF;KACF,CAAC;AAzI+B,CAyI/B,CAAC;AAEH,kBAAe,MAAM,CAAC","sourcesContent":["import { createStyles, Theme } from '@material-ui/core/styles';\r\nimport { fade } from '@material-ui/core/styles/colorManipulator';\r\nimport { red } from '@material-ui/core/colors';\r\n\r\nconst styles = (theme: Theme) => createStyles({\r\n  appBar: {\r\n    backgroundColor: '#fff',\r\n    position: 'fixed',\r\n    top: 0\r\n  },\r\n  toolBar: {\r\n    width: '-webkit-fill-available',\r\n    margin: '0 auto',\r\n    [theme.breakpoints.up('md')]: {\r\n      width: '70%'\r\n    },\r\n  },\r\n  title: {\r\n    color: '#66757f',\r\n    fontSize: 32,\r\n    cursor: 'pointer',\r\n    borderBottom: 'solid 1px transparent',\r\n    transition: 'border-color .5s ease-out',\r\n    '&:hover': {\r\n      color: red.A400,\r\n      borderBottomColor: red.A400,\r\n      borderWidth: 2\r\n    }\r\n  },\r\n  grow: {\r\n    flexGrow: 1,\r\n  },\r\n  search: {\r\n    position: 'relative',\r\n    borderRadius: 17,\r\n    backgroundColor: fade('#aaa', 0.15),\r\n    '&:hover': {\r\n      backgroundColor: fade('#aaa', 0.25),\r\n    },\r\n    marginRight: theme.spacing.unit * 2,\r\n    marginLeft: 0,\r\n    width: '100%',\r\n    [theme.breakpoints.up('sm')]: {\r\n      marginLeft: theme.spacing.unit * 3,\r\n      width: 'auto',\r\n      \r\n    },\r\n  },\r\n  searchIcon: {\r\n    width: theme.spacing.unit * 9,\r\n    color: '#66757f',\r\n    height: '100%',\r\n    position: 'absolute',\r\n    pointerEvents: 'none',\r\n    display: 'flex',\r\n    alignItems: 'center',\r\n    justifyContent: 'center',\r\n  },\r\n  inputRoot: {\r\n    color: '#66757f',\r\n    width: '100%',\r\n  },\r\n  inputInput: {\r\n    paddingTop: theme.spacing.unit,\r\n    paddingRight: theme.spacing.unit,\r\n    paddingBottom: theme.spacing.unit,\r\n    paddingLeft: theme.spacing.unit * 10,\r\n    transition: theme.transitions.create('width'),\r\n    width: '100%',\r\n    [theme.breakpoints.up('sm')]: {\r\n      width: 200,\r\n      '&:focus': {\r\n        width: 280,\r\n        border: '1px solid',\r\n        borderColor: red.A200,\r\n        borderRadius: 17\r\n      },\r\n    },\r\n  },\r\n  buttonSecondText: {\r\n    fontSize: 12,\r\n    color: '#CDD2D5',\r\n    letterSpacing: 2\r\n  },\r\n  buttonPrimaryText: {\r\n    fontSize: 12,\r\n    color: '#66757F',\r\n    letterSpacing: 2\r\n  },\r\n  button: {\r\n    textTransform: 'none',\r\n  },\r\n  borderText: {\r\n    border: '1px solid transparent'\r\n  },\r\n  popupMenu: {\r\n    width: 233\r\n  },\r\n  textField: {\r\n    marginLeft: theme.spacing.unit,\r\n    marginRight: theme.spacing.unit,\r\n    marginBottom: theme.spacing.unit * 4,\r\n    width: 200,\r\n  },\r\n  key: {\r\n    height: 48\r\n  },\r\n  newCommer: {\r\n    width: '85%',\r\n    margin: '0 auto',\r\n    marginTop: theme.spacing.unit,\r\n    fontSize: 12,\r\n    color: '#66757F'\r\n  },\r\n  noCap: {\r\n    textTransform: 'none',\r\n  },\r\n  divider: {\r\n    marginTop: theme.spacing.unit\r\n  },\r\n  link: {\r\n    textDecoration: 'none',\r\n    marginLeft: theme.spacing.unit * 5\r\n  },\r\n  linkText: {\r\n    color: '#66757f',\r\n    fontSize: 22,\r\n    cursor: 'pointer',\r\n    borderBottom: 'solid 1px transparent',\r\n    transition: 'border-color .5s ease-out',\r\n    '&:hover': {\r\n      color: red.A400,\r\n      borderBottomColor: red.A400,\r\n      borderWidth: 2\r\n    }\r\n  },\r\n  noHoverMenu: {\r\n    '&:hover': {\r\n      backgroundColor: 'transparent'\r\n    }\r\n  }\r\n});\r\n\r\nexport default styles;"]},"_coverageSchema":"332fd63041d2c1bcb487cc26dd0d5f7d97098a6c","hash":"5e7fd3cbf05c01fae295b080f0e1f3b298779f29"}
,"C:\\Users\\ndhai\\Desktop\\Workplace\\CNM\\vortex-network\\src\\components\\sample\\index.tsx": {"path":"C:\\Users\\ndhai\\Desktop\\Workplace\\CNM\\vortex-network\\src\\components\\sample\\index.tsx","statementMap":{"0":{"start":{"line":2,"column":0},"end":{"line":2,"column":62}},"1":{"start":{"line":3,"column":14},"end":{"line":3,"column":30}},"2":{"start":{"line":4,"column":12},"end":{"line":4,"column":28}},"3":{"start":{"line":5,"column":25},"end":{"line":5,"column":64}},"4":{"start":{"line":6,"column":28},"end":{"line":16,"column":18}},"5":{"start":{"line":7,"column":4},"end":{"line":7,"column":38}},"6":{"start":{"line":9,"column":8},"end":{"line":9,"column":72}},"7":{"start":{"line":11,"column":4},"end":{"line":14,"column":6}},"8":{"start":{"line":12,"column":28},"end":{"line":12,"column":52}},"9":{"start":{"line":13,"column":8},"end":{"line":13,"column":93}},"10":{"start":{"line":15,"column":4},"end":{"line":15,"column":18}},"11":{"start":{"line":17,"column":0},"end":{"line":17,"column":25}}},"fnMap":{"0":{"name":"(anonymous_0)","decl":{"start":{"line":6,"column":28},"end":{"line":6,"column":29}},"loc":{"start":{"line":6,"column":46},"end":{"line":16,"column":1}},"line":6},"1":{"name":"Sample","decl":{"start":{"line":8,"column":13},"end":{"line":8,"column":19}},"loc":{"start":{"line":8,"column":22},"end":{"line":10,"column":5}},"line":8},"2":{"name":"(anonymous_2)","decl":{"start":{"line":11,"column":30},"end":{"line":11,"column":31}},"loc":{"start":{"line":11,"column":42},"end":{"line":14,"column":5}},"line":11}},"branchMap":{"0":{"loc":{"start":{"line":9,"column":15},"end":{"line":9,"column":71}},"type":"binary-expr","locations":[{"start":{"line":9,"column":15},"end":{"line":9,"column":30}},{"start":{"line":9,"column":34},"end":{"line":9,"column":63}},{"start":{"line":9,"column":67},"end":{"line":9,"column":71}}],"line":9}},"s":{"0":5,"1":5,"2":5,"3":5,"4":5,"5":5,"6":0,"7":5,"8":0,"9":0,"10":5,"11":5},"f":{"0":5,"1":0,"2":0},"b":{"0":[0,0,0]},"inputSourceMap":{"version":3,"file":"index.js","sourceRoot":"","sources":["index.tsx"],"names":[],"mappings":";;;AAAA,6BAA+B;AAC/B,iEAA2D;AAM3D;IAAqB,kCAAsB;IAA3C;;IAOA,CAAC;IANC,uBAAM,GAAN;QACU,IAAA,wCAAa,CAAgB;QACrC,OAAO,CACL,oBAAC,0BAAe,IAAC,OAAO,EAAE,aAAa,GAAG,CAC3C,CAAA;IACH,CAAC;IACH,aAAC;AAAD,CAAC,AAPD,CAAqB,KAAK,CAAC,SAAS,GAOnC;AAED,kBAAe,MAAM,CAAC","sourcesContent":["import * as React from 'react';\r\nimport SamplePresenter from './presenter/sample.presenter';\r\n\r\ninterface Props {\r\n  containerProp: string\r\n}\r\n\r\nclass Sample extends React.Component<Props> {\r\n  render() {\r\n    const { containerProp } = this.props;\r\n    return (\r\n      <SamplePresenter example={containerProp}/>\r\n    )\r\n  }\r\n}\r\n\r\nexport default Sample;"]},"_coverageSchema":"332fd63041d2c1bcb487cc26dd0d5f7d97098a6c","hash":"154bf8a8ed66e05fbda8e5ac20f8d92c7a648611"}
,"C:\\Users\\ndhai\\Desktop\\Workplace\\CNM\\vortex-network\\src\\components\\sample\\presenter\\sample.presenter.tsx": {"path":"C:\\Users\\ndhai\\Desktop\\Workplace\\CNM\\vortex-network\\src\\components\\sample\\presenter\\sample.presenter.tsx","statementMap":{"0":{"start":{"line":2,"column":0},"end":{"line":2,"column":62}},"1":{"start":{"line":3,"column":12},"end":{"line":3,"column":28}},"2":{"start":{"line":4,"column":22},"end":{"line":7,"column":1}},"3":{"start":{"line":5,"column":18},"end":{"line":5,"column":28}},"4":{"start":{"line":6,"column":4},"end":{"line":6,"column":51}},"5":{"start":{"line":8,"column":0},"end":{"line":8,"column":34}}},"fnMap":{"0":{"name":"(anonymous_0)","decl":{"start":{"line":4,"column":22},"end":{"line":4,"column":23}},"loc":{"start":{"line":4,"column":36},"end":{"line":7,"column":1}},"line":4}},"branchMap":{},"s":{"0":5,"1":5,"2":5,"3":0,"4":0,"5":5},"f":{"0":0},"b":{},"inputSourceMap":{"version":3,"file":"sample.presenter.js","sourceRoot":"","sources":["sample.presenter.tsx"],"names":[],"mappings":";;AAAA,6BAA+B;AAM/B,IAAM,eAAe,GAAqB,UAAC,EAAS;QAAR,oBAAO;IACjD,OAAA,+BAAI,OAAO,CAAK;AAAhB,CAAgB,CAAA;AAElB,kBAAe,eAAe,CAAC","sourcesContent":["import * as React from 'react';\r\n\r\ninterface Props {\r\n  example?: string\r\n}\r\n\r\nconst SamplePresenter: React.SFC<Props> = ({example}) => \r\n  <p>{example}</p>\r\n\r\nexport default SamplePresenter;"]},"_coverageSchema":"332fd63041d2c1bcb487cc26dd0d5f7d97098a6c","hash":"ef84ed22e21a96da20d6e174d15b51f1402bfdd7"}
,"C:\\Users\\ndhai\\Desktop\\Workplace\\CNM\\vortex-network\\src\\components\\status-bar\\index.tsx": {"path":"C:\\Users\\ndhai\\Desktop\\Workplace\\CNM\\vortex-network\\src\\components\\status-bar\\index.tsx","statementMap":{"0":{"start":{"line":2,"column":0},"end":{"line":2,"column":62}},"1":{"start":{"line":3,"column":14},"end":{"line":3,"column":30}},"2":{"start":{"line":4,"column":12},"end":{"line":4,"column":28}},"3":{"start":{"line":5,"column":29},"end":{"line":5,"column":72}},"4":{"start":{"line":6,"column":31},"end":{"line":15,"column":18}},"5":{"start":{"line":7,"column":4},"end":{"line":7,"column":41}},"6":{"start":{"line":9,"column":8},"end":{"line":9,"column":72}},"7":{"start":{"line":11,"column":4},"end":{"line":13,"column":6}},"8":{"start":{"line":12,"column":8},"end":{"line":12,"column":75}},"9":{"start":{"line":14,"column":4},"end":{"line":14,"column":21}},"10":{"start":{"line":16,"column":0},"end":{"line":16,"column":28}}},"fnMap":{"0":{"name":"(anonymous_0)","decl":{"start":{"line":6,"column":31},"end":{"line":6,"column":32}},"loc":{"start":{"line":6,"column":49},"end":{"line":15,"column":1}},"line":6},"1":{"name":"default_1","decl":{"start":{"line":8,"column":13},"end":{"line":8,"column":22}},"loc":{"start":{"line":8,"column":25},"end":{"line":10,"column":5}},"line":8},"2":{"name":"(anonymous_2)","decl":{"start":{"line":11,"column":33},"end":{"line":11,"column":34}},"loc":{"start":{"line":11,"column":45},"end":{"line":13,"column":5}},"line":11}},"branchMap":{"0":{"loc":{"start":{"line":9,"column":15},"end":{"line":9,"column":71}},"type":"binary-expr","locations":[{"start":{"line":9,"column":15},"end":{"line":9,"column":30}},{"start":{"line":9,"column":34},"end":{"line":9,"column":63}},{"start":{"line":9,"column":67},"end":{"line":9,"column":71}}],"line":9}},"s":{"0":5,"1":5,"2":5,"3":5,"4":5,"5":5,"6":3,"7":5,"8":3,"9":5,"10":5},"f":{"0":5,"1":3,"2":3},"b":{"0":[3,3,3]},"inputSourceMap":{"version":3,"file":"index.js","sourceRoot":"","sources":["index.tsx"],"names":[],"mappings":";;;AAAA,6BAA+B;AAC/B,yEAAkE;AAElE;IAA6B,qCAAe;IAA5C;;IAMA,CAAC;IALC,0BAAM,GAAN;QACE,OAAM,CACJ,oBAAC,8BAAkB,OAAE,CACtB,CAAC;IACJ,CAAC;IACH,gBAAC;AAAD,CAAC,AAND,CAA6B,KAAK,CAAC,SAAS,GAM3C","sourcesContent":["import * as React from 'react';\r\nimport StatusBarPresenter from './presenter/status-bar.presenter';\r\n\r\nexport default class extends React.Component {\r\n  render(): JSX.Element {\r\n    return(\r\n      <StatusBarPresenter/>\r\n    );\r\n  }\r\n}"]},"_coverageSchema":"332fd63041d2c1bcb487cc26dd0d5f7d97098a6c","hash":"464d496c99fc7b41d2c63bb369bbf8ddaa55172e"}
,"C:\\Users\\ndhai\\Desktop\\Workplace\\CNM\\vortex-network\\src\\components\\status-bar\\presenter\\status-bar.presenter.tsx": {"path":"C:\\Users\\ndhai\\Desktop\\Workplace\\CNM\\vortex-network\\src\\components\\status-bar\\presenter\\status-bar.presenter.tsx","statementMap":{"0":{"start":{"line":2,"column":0},"end":{"line":2,"column":62}},"1":{"start":{"line":3,"column":14},"end":{"line":3,"column":30}},"2":{"start":{"line":4,"column":12},"end":{"line":4,"column":28}},"3":{"start":{"line":5,"column":15},"end":{"line":5,"column":50}},"4":{"start":{"line":6,"column":26},"end":{"line":6,"column":56}},"5":{"start":{"line":7,"column":13},"end":{"line":7,"column":41}},"6":{"start":{"line":8,"column":25},"end":{"line":41,"column":20}},"7":{"start":{"line":9,"column":4},"end":{"line":9,"column":39}},"8":{"start":{"line":11,"column":20},"end":{"line":11,"column":76}},"9":{"start":{"line":12,"column":8},"end":{"line":14,"column":10}},"10":{"start":{"line":15,"column":8},"end":{"line":17,"column":10}},"11":{"start":{"line":16,"column":12},"end":{"line":16,"column":45}},"12":{"start":{"line":18,"column":8},"end":{"line":18,"column":21}},"13":{"start":{"line":20,"column":4},"end":{"line":39,"column":6}},"14":{"start":{"line":21,"column":22},"end":{"line":21,"column":40}},"15":{"start":{"line":22,"column":8},"end":{"line":38,"column":60}},"16":{"start":{"line":40,"column":4},"end":{"line":40,"column":19}},"17":{"start":{"line":42,"column":0},"end":{"line":42,"column":87}}},"fnMap":{"0":{"name":"(anonymous_0)","decl":{"start":{"line":8,"column":89},"end":{"line":8,"column":90}},"loc":{"start":{"line":8,"column":107},"end":{"line":41,"column":1}},"line":8},"1":{"name":"class_1","decl":{"start":{"line":10,"column":13},"end":{"line":10,"column":20}},"loc":{"start":{"line":10,"column":23},"end":{"line":19,"column":5}},"line":10},"2":{"name":"(anonymous_2)","decl":{"start":{"line":15,"column":29},"end":{"line":15,"column":30}},"loc":{"start":{"line":15,"column":49},"end":{"line":17,"column":9}},"line":15},"3":{"name":"(anonymous_3)","decl":{"start":{"line":20,"column":31},"end":{"line":20,"column":32}},"loc":{"start":{"line":20,"column":43},"end":{"line":39,"column":5}},"line":20}},"branchMap":{"0":{"loc":{"start":{"line":11,"column":20},"end":{"line":11,"column":76}},"type":"binary-expr","locations":[{"start":{"line":11,"column":20},"end":{"line":11,"column":35}},{"start":{"line":11,"column":39},"end":{"line":11,"column":68}},{"start":{"line":11,"column":72},"end":{"line":11,"column":76}}],"line":11}},"s":{"0":5,"1":5,"2":5,"3":5,"4":5,"5":5,"6":5,"7":5,"8":3,"9":3,"10":3,"11":0,"12":3,"13":5,"14":3,"15":3,"16":5,"17":5},"f":{"0":5,"1":3,"2":0,"3":3},"b":{"0":[3,3,3]},"inputSourceMap":{"version":3,"file":"status-bar.presenter.js","sourceRoot":"","sources":["status-bar.presenter.tsx"],"names":[],"mappings":";;;AAAA,6BAA+B;AAC/B,mDAAkE;AAClE,yDAAyC;AACzC,0CAA2E;AAQ3E,IAAM,kBAAkB,GAAG,mBAAU,CAAC,2BAAM,CAAC;IAC7B,mCAA6B;IAA3C;QAAA,qEA2EC;QA1EC,WAAK,GAAG;YACN,KAAK,EAAE,CAAC;SACT,CAAC;QAEF,kBAAY,GAAG,UAAC,CAAM,EAAE,KAAU;YAChC,KAAI,CAAC,QAAQ,CAAC,EAAE,KAAK,OAAA,EAAE,CAAC,CAAC;QAC3B,CAAC,CAAC;;IAoEJ,CAAC;IAlEC,wBAAM,GAAN;QACU,IAAA,4BAAO,CAAgB;QAC/B,OAAO,CACL,oBAAC,YAAK,IAAC,KAAK,EAAC,SAAS,EAAC,SAAS,EAAE,OAAO,CAAC,IAAI,EAAE,SAAS,EAAE,CAAC;YAC1D,oBAAC,WAAI,IAAC,SAAS,EAAE,IAAI,EAAE,OAAO,EAAE,CAAC,EAAE,SAAS,EAAE,OAAO,CAAC,WAAW;gBAC/D,oBAAC,WAAI,IAAC,IAAI,EAAE,IAAI,EAAE,EAAE,EAAE,CAAC;oBACrB,oBAAC,WAAI,IACH,SAAS,EAAE,IAAI,EACf,OAAO,EAAC,UAAU,EAClB,SAAS,EAAE,OAAO,CAAC,WAAW;wBAE9B,oBAAC,aAAM,IACL,SAAS,EAAE,OAAO,CAAC,MAAM,EACzB,GAAG,EAAC,+EAA+E,GACnF,CACG,CACF;gBACP,oBAAC,WAAI,IAAC,IAAI,EAAE,IAAI,EAAE,EAAE,EAAE,CAAC;oBACrB,oBAAC,WAAI,IACH,KAAK,EAAE,IAAI,CAAC,KAAK,CAAC,KAAK,EACvB,QAAQ,EAAE,IAAI,CAAC,YAAY,EAC3B,cAAc,EAAC,WAAW,EAC1B,SAAS,EAAC,WAAW,EACrB,QAAQ,EAAE,IAAI;wBAEd,oBAAC,UAAG,IACF,KAAK,EAAC,KAAK,EACX,IAAI,EAAE,8BAAM,SAAS,EAAE,OAAO,CAAC,QAAQ,yBAAiB,EACxD,SAAS,EAAE,OAAO,CAAC,GAAG,GACtB;wBACF,oBAAC,UAAG,IACF,KAAK,EAAC,OAAO,EACb,IAAI,EAAE,8BAAM,SAAS,EAAE,OAAO,CAAC,QAAQ,iBAAc,EACrD,SAAS,EAAE,OAAO,CAAC,GAAG,GACtB;wBACF,oBAAC,UAAG,IACF,KAAK,EAAC,MAAM,EACZ,IAAI,EAAE,8BAAM,SAAS,EAAE,OAAO,CAAC,QAAQ,eAAiB,EACxD,SAAS,EAAE,OAAO,CAAC,GAAG,GACtB;wBACF,oBAAC,UAAG,IACF,KAAK,EAAC,KAAK,EACX,IAAI,EAAE,8BAAM,SAAS,EAAE,OAAO,CAAC,QAAQ,gBAAkB,EACzD,SAAS,EAAE,OAAO,CAAC,GAAG,GACtB,CACG,CACF;gBACP,oBAAC,WAAI,IAAC,IAAI,EAAE,IAAI,EAAE,EAAE,EAAE,CAAC;oBACrB,oBAAC,WAAI,IAAC,SAAS,EAAE,IAAI,EAAE,OAAO,EAAC,YAAY;wBACzC,6BAAK,SAAS,EAAE,OAAO,CAAC,aAAa;4BACnC,oBAAC,aAAM,IACL,OAAO,EAAC,UAAU,EAClB,KAAK,EAAC,WAAW,EACjB,OAAO,EAAE;oCACP,IAAI,EAAE,OAAO,CAAC,YAAY;iCAC3B,oBAGM,CACL,CACD,CACF,CACF,CACD,CACT,CAAC;IACJ,CAAC;IACH,cAAC;AAAD,CAAC,AA3ED,CAAc,KAAK,CAAC,SAAS,GA4E9B,CAAC;AAEF,kBAAe,mBAAU,CAAC,2BAAM,CAAC,CAAC,kBAAkB,CAAC,CAAC","sourcesContent":["import * as React from 'react';\r\nimport { WithStyles, withStyles } from '@material-ui/core/styles';\r\nimport styles from './status-bar.styles';\r\nimport { Tabs, Tab, Paper, Grid, Avatar, Button } from '@material-ui/core';\r\n\r\ninterface Props extends WithStyles<typeof styles> {}\r\n\r\ninterface State {\r\n  value: number;\r\n}\r\n\r\nconst StatusBarPresenter = withStyles(styles)(\r\n  class extends React.Component<Props, State> {\r\n    state = {\r\n      value: 0\r\n    };\r\n\r\n    handleChange = (_: any, value: any) => {\r\n      this.setState({ value });\r\n    };\r\n\r\n    render(): JSX.Element {\r\n      const { classes } = this.props;\r\n      return (\r\n        <Paper color='default' className={classes.root} elevation={2}>\r\n          <Grid container={true} spacing={0} className={classes.fixedHeight}>\r\n            <Grid item={true} md={3}>\r\n              <Grid\r\n                container={true}\r\n                justify='flex-end'\r\n                className={classes.fixedHeight}\r\n              >\r\n                <Avatar\r\n                  className={classes.avatar}\r\n                  src='https://pbs.twimg.com/profile_images/1013436760859299847/aQltRN9T_400x400.jpg'\r\n                />\r\n              </Grid>\r\n            </Grid>\r\n            <Grid item={true} md={6}>\r\n              <Tabs\r\n                value={this.state.value}\r\n                onChange={this.handleChange}\r\n                indicatorColor='secondary'\r\n                textColor='secondary'\r\n                centered={true}\r\n              >\r\n                <Tab\r\n                  label='778'\r\n                  icon={<span className={classes.tabTitle}>Bài viết</span>}\r\n                  className={classes.tab}\r\n                />\r\n                <Tab\r\n                  label='17.2N'\r\n                  icon={<span className={classes.tabTitle}>Thích</span>}\r\n                  className={classes.tab}\r\n                />\r\n                <Tab\r\n                  label='7.3N'\r\n                  icon={<span className={classes.tabTitle}>Follower</span>}\r\n                  className={classes.tab}\r\n                />\r\n                <Tab\r\n                  label='221'\r\n                  icon={<span className={classes.tabTitle}>Following</span>}\r\n                  className={classes.tab}\r\n                />\r\n              </Tabs>\r\n            </Grid>\r\n            <Grid item={true} md={3}>\r\n              <Grid container={true} justify='flex-start'>\r\n                <div className={classes.verticalAlign}>\r\n                  <Button \r\n                    variant='outlined' \r\n                    color='secondary'\r\n                    classes={{\r\n                      root: classes.actionButton\r\n                    }}\r\n                    >\r\n                    Theo dõi\r\n                  </Button>\r\n                </div>\r\n              </Grid>\r\n            </Grid>\r\n          </Grid>\r\n        </Paper>\r\n      );\r\n    }\r\n  }\r\n);\r\n\r\nexport default withStyles(styles)(StatusBarPresenter);\r\n"]},"_coverageSchema":"332fd63041d2c1bcb487cc26dd0d5f7d97098a6c","hash":"6e4e938689f674d76ef9ceb590e4ba353c3e85a9"}
,"C:\\Users\\ndhai\\Desktop\\Workplace\\CNM\\vortex-network\\src\\components\\status-bar\\presenter\\status-bar.styles.ts": {"path":"C:\\Users\\ndhai\\Desktop\\Workplace\\CNM\\vortex-network\\src\\components\\status-bar\\presenter\\status-bar.styles.ts","statementMap":{"0":{"start":{"line":2,"column":0},"end":{"line":2,"column":62}},"1":{"start":{"line":3,"column":15},"end":{"line":3,"column":50}},"2":{"start":{"line":4,"column":13},"end":{"line":44,"column":5}},"3":{"start":{"line":4,"column":32},"end":{"line":44,"column":3}},"4":{"start":{"line":45,"column":0},"end":{"line":45,"column":25}}},"fnMap":{"0":{"name":"(anonymous_0)","decl":{"start":{"line":4,"column":13},"end":{"line":4,"column":14}},"loc":{"start":{"line":4,"column":30},"end":{"line":44,"column":5}},"line":4}},"branchMap":{},"s":{"0":5,"1":5,"2":5,"3":6,"4":5},"f":{"0":6},"b":{},"inputSourceMap":{"version":3,"file":"status-bar.styles.js","sourceRoot":"","sources":["status-bar.styles.ts"],"names":[],"mappings":";;AAAA,mDAA+D;AAE/D,IAAM,MAAM,GAAI,UAAC,KAAY,IAAK,OAAA,qBAAY,CAAC;IAC7C,IAAI,EAAE;QACJ,IAAI,EAAE,CAAC;QACP,QAAQ,EAAE,CAAC;QACX,SAAS,EAAE,EAAE;QACb,eAAe,EAAE,KAAK,CAAC,OAAO,CAAC,UAAU,CAAC,KAAK;KAChD;IACD,GAAG,EAAE;QACH,aAAa,EAAE,MAAM;QACrB,QAAQ,EAAE,EAAE;QACZ,UAAU,EAAE,GAAG;QACf,YAAY,EAAE,uBAAuB;QACrC,SAAS,EAAE;YACT,iBAAiB,EAAE,KAAK,CAAC,OAAO,CAAC,SAAS,CAAC,KAAK;SACjD;KACF;IACD,QAAQ,EAAE;QACR,QAAQ,EAAE,EAAE;QACZ,UAAU,EAAE,GAAG;KAChB;IACD,MAAM,EAAE;QACN,KAAK,EAAE,GAAG;QACV,MAAM,EAAE,GAAG;QACX,GAAG,EAAE,QAAQ;QACb,UAAU,EAAE,eAAe;QAC3B,SAAS,EAAE;YACT,SAAS,EAAE,YAAY;SACxB;KACF;IACD,WAAW,EAAE;QACX,SAAS,EAAE,EAAE;KACd;IACD,aAAa,EAAE;QACb,UAAU,EAAE,MAAM;KACnB;IACD,YAAY,EAAE;QACZ,YAAY,EAAE,MAAM;QACpB,aAAa,EAAE,MAAM;QACrB,QAAQ,EAAE,EAAE;KACb;CACF,CAAC,EAxCgC,CAwChC,CAAC;AAEH,kBAAe,MAAM,CAAC","sourcesContent":["import { createStyles, Theme } from '@material-ui/core/styles';\r\n\r\nconst styles  = (theme: Theme) => createStyles({\r\n  root: {\r\n    flex: 1,\r\n    flexGrow: 1,\r\n    minHeight: 48,\r\n    backgroundColor: theme.palette.background.paper,\r\n  },\r\n  tab: {\r\n    textTransform: 'none',\r\n    fontSize: 17,\r\n    fontWeight: 800,\r\n    borderBottom: '1px solid transparent',\r\n    '&:hover': {\r\n      borderBottomColor: theme.palette.secondary.light\r\n    }\r\n  },\r\n  tabTitle: {\r\n    fontSize: 12,\r\n    fontWeight: 500\r\n  },\r\n  avatar: {\r\n    width: 200,\r\n    height: 200,\r\n    top: '-110px',\r\n    transition: 'transform .2s',\r\n    '&:hover': {\r\n      transform: 'scale(1.1)'\r\n    }\r\n  },\r\n  fixedHeight: {\r\n    maxHeight: 72\r\n  },\r\n  verticalAlign: {\r\n    lineHeight: '72px'\r\n  },\r\n  actionButton: {\r\n    borderRadius: '18px',\r\n    textTransform: 'none',\r\n    fontSize: 17\r\n  }\r\n});\r\n\r\nexport default styles;"]},"_coverageSchema":"332fd63041d2c1bcb487cc26dd0d5f7d97098a6c","hash":"2a88e9afa73e69ab194e700f8de8ae0bd8092732"}
,"C:\\Users\\ndhai\\Desktop\\Workplace\\CNM\\vortex-network\\src\\layout\\footer.tsx": {"path":"C:\\Users\\ndhai\\Desktop\\Workplace\\CNM\\vortex-network\\src\\layout\\footer.tsx","statementMap":{"0":{"start":{"line":2,"column":0},"end":{"line":2,"column":62}},"1":{"start":{"line":3,"column":12},"end":{"line":3,"column":28}},"2":{"start":{"line":4,"column":13},"end":{"line":7,"column":1}},"3":{"start":{"line":5,"column":20},"end":{"line":5,"column":32}},"4":{"start":{"line":6,"column":4},"end":{"line":6,"column":74}},"5":{"start":{"line":8,"column":0},"end":{"line":8,"column":25}}},"fnMap":{"0":{"name":"(anonymous_0)","decl":{"start":{"line":4,"column":13},"end":{"line":4,"column":14}},"loc":{"start":{"line":4,"column":27},"end":{"line":7,"column":1}},"line":4}},"branchMap":{},"s":{"0":1,"1":1,"2":1,"3":0,"4":0,"5":1},"f":{"0":0},"b":{},"inputSourceMap":{"version":3,"file":"footer.js","sourceRoot":"","sources":["footer.tsx"],"names":[],"mappings":";;AAAA,6BAA+B;AAM/B,IAAM,MAAM,GAAqB,UAAC,EAAW;QAAV,wBAAS;IAC1C,OAAA,6BAAK,SAAS,EAAE,SAAS,aAEnB;AAFN,CAEM,CAAA;AAER,kBAAe,MAAM,CAAC","sourcesContent":["import * as React from 'react';\r\n\r\ninterface Props {\r\n  className: string;\r\n}\r\n\r\nconst Footer: React.SFC<Props> = ({className}) =>\r\n  <div className={className}>\r\n    Footer\r\n  </div>\r\n\r\nexport default Footer;\r\n"]},"_coverageSchema":"332fd63041d2c1bcb487cc26dd0d5f7d97098a6c","hash":"cd959bf770f6447fb2fee0d2840ea6b363ebf3df"}
,"C:\\Users\\ndhai\\Desktop\\Workplace\\CNM\\vortex-network\\src\\layout\\header.tsx": {"path":"C:\\Users\\ndhai\\Desktop\\Workplace\\CNM\\vortex-network\\src\\layout\\header.tsx","statementMap":{"0":{"start":{"line":2,"column":0},"end":{"line":2,"column":62}},"1":{"start":{"line":3,"column":12},"end":{"line":3,"column":28}},"2":{"start":{"line":4,"column":19},"end":{"line":4,"column":43}},"3":{"start":{"line":5,"column":13},"end":{"line":11,"column":1}},"4":{"start":{"line":6,"column":20},"end":{"line":6,"column":32}},"5":{"start":{"line":7,"column":4},"end":{"line":10,"column":59}},"6":{"start":{"line":12,"column":0},"end":{"line":12,"column":25}}},"fnMap":{"0":{"name":"(anonymous_0)","decl":{"start":{"line":5,"column":13},"end":{"line":5,"column":14}},"loc":{"start":{"line":5,"column":27},"end":{"line":11,"column":1}},"line":5}},"branchMap":{},"s":{"0":1,"1":1,"2":1,"3":1,"4":1,"5":1,"6":1},"f":{"0":1},"b":{},"inputSourceMap":{"version":3,"file":"header.js","sourceRoot":"","sources":["header.tsx"],"names":[],"mappings":";;AAAA,6BAA+B;AAC/B,4CAAqE;AAMrE,IAAM,MAAM,GAAqB,UAAC,EAAW;QAAV,wBAAS;IAC1C,OAAA,6BAAK,SAAS,EAAE,SAAS;QACvB,oBAAC,0BAAa,IAAC,SAAS,EAAC,QAAQ,EAAC,aAAa,EAAE,CAAC,EAAC,IAAI,EAAE,UAAU,EAAE,IAAI,EAAE,eAAe,EAAC,CAAC,GAAG;QAC/F,oBAAC,uBAAU,IAAC,QAAQ,EAAC,oEAAoE,GAAE;QAC3F,oBAAC,sBAAS,OAAE,CACR;AAJN,CAIM,CAAA;AAER,kBAAe,MAAM,CAAC","sourcesContent":["import * as React from 'react';\r\nimport { NavigationBar, CoverImage, StatusBar } from '../components';\r\n\r\ninterface Props {\r\n  className: string;\r\n}\r\n\r\nconst Header: React.SFC<Props> = ({className}) => \r\n  <div className={className}>\r\n    <NavigationBar brandName='Vortex' redirectLinks={[{name: 'Khám phá', link: '/introduction'}]}/>\r\n    <CoverImage imageUrl='https://pbs.twimg.com/profile_banners/10228272/1543592221/1500x500'/>\r\n    <StatusBar/>\r\n  </div>\r\n\r\nexport default Header;\r\n"]},"_coverageSchema":"332fd63041d2c1bcb487cc26dd0d5f7d97098a6c","hash":"de6e2dbcd75bb862f3be54131ee07ddd497b1565"}
,"C:\\Users\\ndhai\\Desktop\\Workplace\\CNM\\vortex-network\\src\\layout\\index.ts": {"path":"C:\\Users\\ndhai\\Desktop\\Workplace\\CNM\\vortex-network\\src\\layout\\index.ts","statementMap":{"0":{"start":{"line":2,"column":0},"end":{"line":2,"column":62}},"1":{"start":{"line":3,"column":15},"end":{"line":3,"column":34}},"2":{"start":{"line":4,"column":0},"end":{"line":4,"column":34}},"3":{"start":{"line":5,"column":13},"end":{"line":5,"column":30}},"4":{"start":{"line":6,"column":0},"end":{"line":6,"column":30}},"5":{"start":{"line":7,"column":15},"end":{"line":7,"column":34}},"6":{"start":{"line":8,"column":0},"end":{"line":8,"column":34}}},"fnMap":{},"branchMap":{},"s":{"0":1,"1":1,"2":1,"3":1,"4":1,"5":1,"6":1},"f":{},"b":{},"inputSourceMap":{"version":3,"file":"index.js","sourceRoot":"","sources":["index.ts"],"names":[],"mappings":";;AAAA,mCAA6C;AAApC,0BAAA,OAAO,CAAU;AAC1B,+BAAyC;AAAhC,sBAAA,OAAO,CAAQ;AACxB,mCAA6C;AAApC,0BAAA,OAAO,CAAU","sourcesContent":["export { default as Header } from './header';\r\nexport { default as Main } from './main';\r\nexport { default as Footer } from './footer';"]},"_coverageSchema":"332fd63041d2c1bcb487cc26dd0d5f7d97098a6c","hash":"0087f5f33d333e86c25e67f4b6791474bd10a486"}
,"C:\\Users\\ndhai\\Desktop\\Workplace\\CNM\\vortex-network\\src\\layout\\main.tsx": {"path":"C:\\Users\\ndhai\\Desktop\\Workplace\\CNM\\vortex-network\\src\\layout\\main.tsx","statementMap":{"0":{"start":{"line":2,"column":0},"end":{"line":2,"column":62}},"1":{"start":{"line":3,"column":12},"end":{"line":3,"column":28}},"2":{"start":{"line":4,"column":13},"end":{"line":4,"column":41}},"3":{"start":{"line":5,"column":19},"end":{"line":5,"column":43}},"4":{"start":{"line":6,"column":11},"end":{"line":16,"column":1}},"5":{"start":{"line":7,"column":20},"end":{"line":7,"column":32}},"6":{"start":{"line":8,"column":4},"end":{"line":15,"column":104}},"7":{"start":{"line":17,"column":0},"end":{"line":17,"column":23}}},"fnMap":{"0":{"name":"(anonymous_0)","decl":{"start":{"line":6,"column":11},"end":{"line":6,"column":12}},"loc":{"start":{"line":6,"column":25},"end":{"line":16,"column":1}},"line":6}},"branchMap":{},"s":{"0":1,"1":1,"2":1,"3":1,"4":1,"5":1,"6":1,"7":1},"f":{"0":1},"b":{},"inputSourceMap":{"version":3,"file":"main.js","sourceRoot":"","sources":["main.tsx"],"names":[],"mappings":";;AAAA,6BAA+B;AAC/B,0CAAyC;AACzC,4CAA0C;AAM1C,IAAM,IAAI,GAAqB,UAAC,EAAa;QAAX,wBAAS;IAAO,OAAA,CAChD,6BAAK,SAAS,EAAE,SAAS;QACvB,oBAAC,WAAI,IAAC,SAAS,EAAE,IAAI,EAAE,OAAO,EAAC,QAAQ,EAAC,KAAK,EAAE,EAAC,SAAS,EAAE,KAAK,EAAC;YAC/D,oBAAC,WAAI,IAAC,IAAI,EAAE,IAAI,EAAE,EAAE,EAAE,CAAC;gBACrB,oBAAC,WAAI,IAAC,SAAS,EAAE,IAAI;oBACnB,oBAAC,WAAI,IAAC,IAAI,EAAE,IAAI,EAAE,EAAE,EAAE,CAAC,EAAE,EAAE,EAAE,CAAC;wBAC5B,oBAAC,sBAAS,OAAE,CACP;oBAEP,oBAAC,WAAI,IAAC,IAAI,EAAE,IAAI,EAAE,EAAE,EAAE,CAAC,EAAE,EAAE,EAAE,CAAC,mBAEvB;oBAEP,oBAAC,WAAI,IAAC,IAAI,EAAE,IAAI,EAAE,EAAE,EAAE,EAAE,EAAE,EAAE,EAAE,CAAC,kBAExB,CACF,CAEF,CACF,CACH,CACP;AArBiD,CAqBjD,CAAC;AAEF,kBAAe,IAAI,CAAC","sourcesContent":["import * as React from 'react';\r\nimport { Grid } from '@material-ui/core';\r\nimport { InfoPanel } from '../components';\r\n\r\ninterface Props {\r\n  className: string;\r\n}\r\n\r\nconst Main: React.SFC<Props> = ({ className }) => (\r\n  <div className={className}>\r\n    <Grid container={true} justify='center' style={{marginTop: '8px'}}>\r\n      <Grid item={true} xs={8} >\r\n        <Grid container={true}>\r\n          <Grid item={true} xs={3} md={3}>\r\n            <InfoPanel/>\r\n          </Grid>\r\n\r\n          <Grid item={true} xs={9} md={6}>\r\n            Middle Panel\r\n          </Grid>\r\n\r\n          <Grid item={true} xs={12} md={3}>\r\n            Right Panel\r\n          </Grid>\r\n        </Grid>\r\n       \r\n      </Grid>\r\n    </Grid>\r\n  </div>\r\n);\r\n\r\nexport default Main;\r\n"]},"_coverageSchema":"332fd63041d2c1bcb487cc26dd0d5f7d97098a6c","hash":"8b59616ae94f41012963fd36a9fab37027329470"}
,"C:\\Users\\ndhai\\Desktop\\Workplace\\CNM\\vortex-network\\src\\reducers\\keep.reducer.ts": {"path":"C:\\Users\\ndhai\\Desktop\\Workplace\\CNM\\vortex-network\\src\\reducers\\keep.reducer.ts","statementMap":{"0":{"start":{"line":1,"column":0},"end":{"line":1,"column":350}}},"fnMap":{},"branchMap":{},"s":{"0":0},"f":{},"b":{}}
,"C:\\Users\\ndhai\\Desktop\\Workplace\\CNM\\vortex-network\\src\\sagas\\keep.saga.ts": {"path":"C:\\Users\\ndhai\\Desktop\\Workplace\\CNM\\vortex-network\\src\\sagas\\keep.saga.ts","statementMap":{"0":{"start":{"line":1,"column":0},"end":{"line":1,"column":336}}},"fnMap":{},"branchMap":{},"s":{"0":0},"f":{},"b":{}}
,"C:\\Users\\ndhai\\Desktop\\Workplace\\CNM\\vortex-network\\src\\selectors\\keep.selectors.ts": {"path":"C:\\Users\\ndhai\\Desktop\\Workplace\\CNM\\vortex-network\\src\\selectors\\keep.selectors.ts","statementMap":{"0":{"start":{"line":1,"column":0},"end":{"line":1,"column":357}}},"fnMap":{},"branchMap":{},"s":{"0":0},"f":{},"b":{}}
,"C:\\Users\\ndhai\\Desktop\\Workplace\\CNM\\vortex-network\\src\\store\\keep.store.ts": {"path":"C:\\Users\\ndhai\\Desktop\\Workplace\\CNM\\vortex-network\\src\\store\\keep.store.ts","statementMap":{"0":{"start":{"line":1,"column":0},"end":{"line":1,"column":341}}},"fnMap":{},"branchMap":{},"s":{"0":0},"f":{},"b":{}}
}
