TN:
SF:C:\Users\ndhai\Desktop\Workplace\CNM\vortex-network\src\App.tsx
FN:8,(anonymous_0)
FN:10,App
FN:13,(anonymous_2)
FNF:3
FNH:3
FNDA:1,(anonymous_0)
FNDA:1,App
FNDA:1,(anonymous_2)
DA:2,1
DA:3,1
DA:4,1
DA:5,1
DA:6,1
DA:7,1
DA:8,1
DA:9,1
DA:11,1
DA:13,1
DA:14,1
DA:19,1
DA:21,1
LF:13
LH:13
BRDA:11,0,0,1
BRDA:11,0,1,1
BRDA:11,0,2,1
BRF:3
BRH:3
end_of_record
TN:
SF:C:\Users\ndhai\Desktop\Workplace\CNM\vortex-network\src\index.tsx
FNF:0
FNH:0
DA:1,0
DA:2,0
DA:3,0
DA:4,0
DA:5,0
DA:6,0
DA:7,0
DA:8,0
DA:9,0
DA:10,0
LF:10
LH:0
BRF:0
BRH:0
end_of_record
TN:
SF:C:\Users\ndhai\Desktop\Workplace\CNM\vortex-network\src\registerServiceWorker.ts
FN:16,register
FN:26,(anonymous_1)
FN:33,(anonymous_2)
FN:46,registerValidSW
FN:49,(anonymous_4)
FN:50,(anonymous_5)
FN:53,(anonymous_6)
FN:73,(anonymous_7)
FN:77,checkValidServiceWorker
FN:80,(anonymous_9)
FN:85,(anonymous_10)
FN:86,(anonymous_11)
FN:96,(anonymous_12)
FN:100,unregister
FN:102,(anonymous_14)
FNF:15
FNH:0
FNDA:0,register
FNDA:0,(anonymous_1)
FNDA:0,(anonymous_2)
FNDA:0,registerValidSW
FNDA:0,(anonymous_4)
FNDA:0,(anonymous_5)
FNDA:0,(anonymous_6)
FNDA:0,(anonymous_7)
FNDA:0,checkValidServiceWorker
FNDA:0,(anonymous_9)
FNDA:0,(anonymous_10)
FNDA:0,(anonymous_11)
FNDA:0,(anonymous_12)
FNDA:0,unregister
FNDA:0,(anonymous_14)
DA:1,0
DA:4,0
DA:11,0
DA:17,0
DA:19,0
DA:20,0
DA:24,0
DA:26,0
DA:27,0
DA:28,0
DA:30,0
DA:33,0
DA:34,0
DA:40,0
DA:45,0
DA:47,0
DA:50,0
DA:51,0
DA:52,0
DA:53,0
DA:54,0
DA:55,0
DA:60,0
DA:66,0
DA:74,0
DA:79,0
DA:82,0
DA:85,0
DA:86,0
DA:87,0
DA:93,0
DA:97,0
DA:101,0
DA:102,0
DA:103,0
DA:107,0
LF:36
LH:0
BRDA:11,0,0,0
BRDA:11,0,1,0
BRDA:11,0,2,0
BRDA:17,1,0,0
BRDA:17,1,1,0
BRDA:17,2,0,0
BRDA:17,2,1,0
BRDA:20,3,0,0
BRDA:20,3,1,0
BRDA:28,4,0,0
BRDA:28,4,1,0
BRDA:52,5,0,0
BRDA:52,5,1,0
BRDA:54,6,0,0
BRDA:54,6,1,0
BRDA:55,7,0,0
BRDA:55,7,1,0
BRDA:82,8,0,0
BRDA:82,8,1,0
BRDA:82,9,0,0
BRDA:82,9,1,0
BRDA:101,10,0,0
BRDA:101,10,1,0
BRF:23
BRH:0
end_of_record
TN:
SF:C:\Users\ndhai\Desktop\Workplace\CNM\vortex-network\src\actions\keep.action.ts
FNF:0
FNH:0
DA:1,0
LF:1
LH:0
BRF:0
BRH:0
end_of_record
TN:
SF:C:\Users\ndhai\Desktop\Workplace\CNM\vortex-network\src\components\index.ts
FNF:0
FNH:0
DA:2,5
DA:3,5
DA:4,5
DA:5,5
DA:6,5
DA:7,5
DA:8,5
DA:9,5
DA:10,5
DA:11,5
DA:12,5
LF:11
LH:11
BRF:0
BRH:0
end_of_record
TN:
SF:C:\Users\ndhai\Desktop\Workplace\CNM\vortex-network\src\components\cover-image\index.tsx
FN:6,(anonymous_0)
FN:8,default_1
FN:11,(anonymous_2)
FNF:3
FNH:3
FNDA:5,(anonymous_0)
FNDA:2,default_1
FNDA:2,(anonymous_2)
DA:2,5
DA:3,5
DA:4,5
DA:5,5
DA:6,5
DA:7,5
DA:9,2
DA:11,5
DA:12,2
DA:13,2
DA:15,5
DA:17,5
LF:12
LH:12
BRDA:9,0,0,2
BRDA:9,0,1,2
BRDA:9,0,2,2
BRF:3
BRH:3
end_of_record
TN:
SF:C:\Users\ndhai\Desktop\Workplace\CNM\vortex-network\src\components\cover-image\presenter\cover-image.presenter.tsx
FN:6,(anonymous_0)
FNF:1
FNH:1
FNDA:2,(anonymous_0)
DA:2,5
DA:3,5
DA:4,5
DA:5,5
DA:6,5
DA:7,2
DA:8,2
DA:11,5
DA:14,5
LF:9
LH:9
BRF:0
BRH:0
end_of_record
TN:
SF:C:\Users\ndhai\Desktop\Workplace\CNM\vortex-network\src\components\cover-image\presenter\cover-image.styles.ts
FN:4,(anonymous_0)
FNF:1
FNH:1
FNDA:2,(anonymous_0)
DA:2,5
DA:3,5
DA:4,5
DA:16,5
LF:4
LH:4
BRF:0
BRH:0
end_of_record
TN:
SF:C:\Users\ndhai\Desktop\Workplace\CNM\vortex-network\src\components\info-panel\index.tsx
FN:6,(anonymous_0)
FN:8,default_1
FN:11,(anonymous_2)
FNF:3
FNH:3
FNDA:5,(anonymous_0)
FNDA:1,default_1
FNDA:1,(anonymous_2)
DA:2,5
DA:3,5
DA:4,5
DA:5,5
DA:6,5
DA:7,5
DA:9,1
DA:11,5
DA:12,1
DA:14,5
DA:16,5
LF:11
LH:11
BRDA:9,0,0,1
BRDA:9,0,1,1
BRDA:9,0,2,1
BRF:3
BRH:3
end_of_record
TN:
SF:C:\Users\ndhai\Desktop\Workplace\CNM\vortex-network\src\components\info-panel\presenter\info-panel.presenter.tsx
FN:8,(anonymous_0)
FNF:1
FNH:1
FNDA:1,(anonymous_0)
DA:2,5
DA:3,5
DA:4,5
DA:5,5
DA:6,5
DA:7,5
DA:8,5
DA:9,1
DA:10,1
DA:19,5
LF:10
LH:10
BRF:0
BRH:0
end_of_record
TN:
SF:C:\Users\ndhai\Desktop\Workplace\CNM\vortex-network\src\components\info-panel\presenter\info-panel.styles.ts
FN:4,(anonymous_0)
FNF:1
FNH:1
FNDA:1,(anonymous_0)
DA:2,5
DA:3,5
DA:4,5
DA:25,5
LF:4
LH:4
BRF:0
BRH:0
end_of_record
TN:
SF:C:\Users\ndhai\Desktop\Workplace\CNM\vortex-network\src\components\navigation-bar\index.tsx
FN:7,(anonymous_0)
FN:9,NavigationBar
FN:11,(anonymous_2)
FN:17,(anonymous_3)
FNF:4
FNH:3
FNDA:5,(anonymous_0)
FNDA:2,NavigationBar
FNDA:0,(anonymous_2)
FNDA:2,(anonymous_3)
DA:2,5
DA:3,5
DA:4,5
DA:5,5
DA:6,5
DA:7,5
DA:8,5
DA:10,2
DA:11,2
DA:12,0
DA:13,0
DA:15,2
DA:17,5
DA:18,2
DA:20,5
DA:22,5
LF:16
LH:14
BRDA:10,0,0,2
BRDA:10,0,1,2
BRDA:10,0,2,2
BRF:3
BRH:3
end_of_record
TN:
SF:C:\Users\ndhai\Desktop\Workplace\CNM\vortex-network\src\components\navigation-bar\presenter\navigation-bar.presenter.tsx
FN:10,(anonymous_0)
FN:12,class_1
FN:18,(anonymous_2)
FN:21,(anonymous_3)
FN:24,(anonymous_4)
FN:29,(anonymous_5)
FN:42,(anonymous_6)
FNF:7
FNH:4
FNDA:5,(anonymous_0)
FNDA:2,class_1
FNDA:0,(anonymous_2)
FNDA:0,(anonymous_3)
FNDA:0,(anonymous_4)
FNDA:2,(anonymous_5)
FNDA:1,(anonymous_6)
DA:2,5
DA:3,5
DA:5,5
DA:6,5
DA:7,5
DA:8,5
DA:9,5
DA:10,5
DA:11,5
DA:13,2
DA:14,2
DA:18,2
DA:19,0
DA:21,2
DA:22,0
DA:24,2
DA:25,0
DA:27,2
DA:29,5
DA:30,2
DA:31,2
DA:32,2
DA:33,2
DA:43,1
DA:89,5
DA:95,5
LF:26
LH:23
BRDA:13,0,0,2
BRDA:13,0,1,2
BRDA:13,0,2,2
BRDA:41,1,0,1
BRDA:41,1,1,1
BRDA:59,2,0,0
BRDA:59,2,1,2
BRDA:61,3,0,0
BRDA:61,3,1,2
BRF:9
BRH:7
end_of_record
TN:
SF:C:\Users\ndhai\Desktop\Workplace\CNM\vortex-network\src\components\navigation-bar\presenter\navigationbar.styles.ts
FN:6,(anonymous_0)
FNF:1
FNH:1
FNDA:2,(anonymous_0)
DA:2,5
DA:3,5
DA:4,5
DA:5,5
DA:6,5
DA:8,2
DA:149,5
LF:7
LH:7
BRF:0
BRH:0
end_of_record
TN:
SF:C:\Users\ndhai\Desktop\Workplace\CNM\vortex-network\src\components\sample\index.tsx
FN:6,(anonymous_0)
FN:8,Sample
FN:11,(anonymous_2)
FNF:3
FNH:1
FNDA:5,(anonymous_0)
FNDA:0,Sample
FNDA:0,(anonymous_2)
DA:2,5
DA:3,5
DA:4,5
DA:5,5
DA:6,5
DA:7,5
DA:9,0
DA:11,5
DA:12,0
DA:13,0
DA:15,5
DA:17,5
LF:12
LH:9
BRDA:9,0,0,0
BRDA:9,0,1,0
BRDA:9,0,2,0
BRF:3
BRH:0
end_of_record
TN:
SF:C:\Users\ndhai\Desktop\Workplace\CNM\vortex-network\src\components\sample\presenter\sample.presenter.tsx
FN:4,(anonymous_0)
FNF:1
FNH:0
FNDA:0,(anonymous_0)
DA:2,5
DA:3,5
DA:4,5
DA:5,0
DA:6,0
DA:8,5
LF:6
LH:4
BRF:0
BRH:0
end_of_record
TN:
SF:C:\Users\ndhai\Desktop\Workplace\CNM\vortex-network\src\components\status-bar\index.tsx
FN:6,(anonymous_0)
FN:8,default_1
FN:11,(anonymous_2)
FNF:3
FNH:3
FNDA:5,(anonymous_0)
FNDA:3,default_1
FNDA:3,(anonymous_2)
DA:2,5
DA:3,5
DA:4,5
DA:5,5
DA:6,5
DA:7,5
DA:9,3
DA:11,5
DA:12,3
DA:14,5
DA:16,5
LF:11
LH:11
BRDA:9,0,0,3
BRDA:9,0,1,3
BRDA:9,0,2,3
BRF:3
BRH:3
end_of_record
TN:
SF:C:\Users\ndhai\Desktop\Workplace\CNM\vortex-network\src\components\status-bar\presenter\status-bar.presenter.tsx
FN:8,(anonymous_0)
FN:10,class_1
FN:15,(anonymous_2)
FN:20,(anonymous_3)
FNF:4
FNH:3
FNDA:5,(anonymous_0)
FNDA:3,class_1
FNDA:0,(anonymous_2)
FNDA:3,(anonymous_3)
DA:2,5
DA:3,5
DA:4,5
DA:5,5
DA:6,5
DA:7,5
DA:8,5
DA:9,5
DA:11,3
DA:12,3
DA:15,3
DA:16,0
DA:18,3
DA:20,5
DA:21,3
DA:22,3
DA:40,5
DA:42,5
LF:18
LH:17
BRDA:11,0,0,3
BRDA:11,0,1,3
BRDA:11,0,2,3
BRF:3
BRH:3
end_of_record
TN:
SF:C:\Users\ndhai\Desktop\Workplace\CNM\vortex-network\src\components\status-bar\presenter\status-bar.styles.ts
FN:4,(anonymous_0)
FNF:1
FNH:1
FNDA:6,(anonymous_0)
DA:2,5
DA:3,5
DA:4,6
DA:45,5
LF:4
LH:4
BRF:0
BRH:0
end_of_record
TN:
SF:C:\Users\ndhai\Desktop\Workplace\CNM\vortex-network\src\layout\footer.tsx
FN:4,(anonymous_0)
FNF:1
FNH:0
FNDA:0,(anonymous_0)
DA:2,1
DA:3,1
DA:4,1
DA:5,0
DA:6,0
DA:8,1
LF:6
LH:4
BRF:0
BRH:0
end_of_record
TN:
SF:C:\Users\ndhai\Desktop\Workplace\CNM\vortex-network\src\layout\header.tsx
FN:5,(anonymous_0)
FNF:1
FNH:1
FNDA:1,(anonymous_0)
DA:2,1
DA:3,1
DA:4,1
DA:5,1
DA:6,1
DA:7,1
DA:12,1
LF:7
LH:7
BRF:0
BRH:0
end_of_record
TN:
SF:C:\Users\ndhai\Desktop\Workplace\CNM\vortex-network\src\layout\index.ts
FNF:0
FNH:0
DA:2,1
DA:3,1
DA:4,1
DA:5,1
DA:6,1
DA:7,1
DA:8,1
LF:7
LH:7
BRF:0
BRH:0
end_of_record
TN:
SF:C:\Users\ndhai\Desktop\Workplace\CNM\vortex-network\src\layout\main.tsx
FN:6,(anonymous_0)
FNF:1
FNH:1
FNDA:1,(anonymous_0)
DA:2,1
DA:3,1
DA:4,1
DA:5,1
DA:6,1
DA:7,1
DA:8,1
DA:17,1
LF:8
LH:8
BRF:0
BRH:0
end_of_record
TN:
SF:C:\Users\ndhai\Desktop\Workplace\CNM\vortex-network\src\reducers\keep.reducer.ts
FNF:0
FNH:0
DA:1,0
LF:1
LH:0
BRF:0
BRH:0
end_of_record
TN:
SF:C:\Users\ndhai\Desktop\Workplace\CNM\vortex-network\src\sagas\keep.saga.ts
FNF:0
FNH:0
DA:1,0
LF:1
LH:0
BRF:0
BRH:0
end_of_record
TN:
SF:C:\Users\ndhai\Desktop\Workplace\CNM\vortex-network\src\selectors\keep.selectors.ts
FNF:0
FNH:0
DA:1,0
LF:1
LH:0
BRF:0
BRH:0
end_of_record
TN:
SF:C:\Users\ndhai\Desktop\Workplace\CNM\vortex-network\src\store\keep.store.ts
FNF:0
FNH:0
DA:1,0
LF:1
LH:0
BRF:0
BRH:0
end_of_record
